[2022-01-29 11:59:19]	compilation failed at : "d:\keilc51_workspace\51_project_code\STC89C52\stopwatch\main.c", exit code: 2
  at unify_builder.Program.Main (System.String[] args) [0x0187a] in <67d11e1b30504dd6babd321425698ba1>:0 
---
C51 COMPILER V9.60.0.0 - SN: K1DZC-YRXDFC
COPYRIGHT Copyright (C) 2012 - 2019 ARM Ltd and ARM Germany GmbH. All rights reserved.
*** ERROR C146 IN LINE 21 OF .\MAIN.C: 'P26': invalid base address
*** ERROR C146 IN LINE 22 OF .\MAIN.C: 'P27': invalid base address
*** ERROR C202 IN LINE 89 OF .\MAIN.C: 'SEG': undefined identifier
*** ERROR C202 IN LINE 90 OF .\MAIN.C: 'SEG': undefined identifier
*** ERROR C202 IN LINE 93 OF .\MAIN.C: 'DIG': undefined identifier
*** ERROR C202 IN LINE 95 OF .\MAIN.C: 'DIG': undefined identifier
*** ERROR C202 IN LINE 98 OF .\MAIN.C: 'SEG': undefined identifier
*** ERROR C202 IN LINE 100 OF .\MAIN.C: 'SEG': undefined identifier
C51 COMPILATION COMPLETE.  0 WARNING(S),  8 ERROR(S)

[2022-01-29 12:02:01]	compilation failed at : "d:\keilc51_workspace\51_project_code\STC89C52\stopwatch\main.c", exit code: 2
  at unify_builder.Program.Main (System.String[] args) [0x0187a] in <67d11e1b30504dd6babd321425698ba1>:0 
---
C51 COMPILER V9.60.0.0 - SN: K1DZC-YRXDFC
COPYRIGHT Copyright (C) 2012 - 2019 ARM Ltd and ARM Germany GmbH. All rights reserved.
*** ERROR C231 IN LINE 21 OF .\MAIN.C: 'P2': redefinition
*** ERROR C146 IN LINE 22 OF .\MAIN.C: 'P26': invalid base address
*** ERROR C146 IN LINE 23 OF .\MAIN.C: 'P27': invalid base address
*** ERROR C202 IN LINE 90 OF .\MAIN.C: 'SEG': undefined identifier
*** ERROR C202 IN LINE 91 OF .\MAIN.C: 'SEG': undefined identifier
*** ERROR C202 IN LINE 94 OF .\MAIN.C: 'DIG': undefined identifier
*** ERROR C202 IN LINE 96 OF .\MAIN.C: 'DIG': undefined identifier
*** ERROR C202 IN LINE 99 OF .\MAIN.C: 'SEG': undefined identifier
*** ERROR C202 IN LINE 101 OF .\MAIN.C: 'SEG': undefined identifier
C51 COMPILATION COMPLETE.  0 WARNING(S),  9 ERROR(S)

[2022-01-29 12:02:14]	compilation failed at : "d:\keilc51_workspace\51_project_code\STC89C52\stopwatch\main.c", exit code: 2
  at unify_builder.Program.Main (System.String[] args) [0x0187a] in <67d11e1b30504dd6babd321425698ba1>:0 
---
C51 COMPILER V9.60.0.0 - SN: K1DZC-YRXDFC
COPYRIGHT Copyright (C) 2012 - 2019 ARM Ltd and ARM Germany GmbH. All rights reserved.
*** ERROR C146 IN LINE 21 OF .\MAIN.C: 'P26': invalid base address
*** ERROR C146 IN LINE 22 OF .\MAIN.C: 'P27': invalid base address
*** ERROR C202 IN LINE 89 OF .\MAIN.C: 'SEG': undefined identifier
*** ERROR C202 IN LINE 90 OF .\MAIN.C: 'SEG': undefined identifier
*** ERROR C202 IN LINE 93 OF .\MAIN.C: 'DIG': undefined identifier
*** ERROR C202 IN LINE 95 OF .\MAIN.C: 'DIG': undefined identifier
*** ERROR C202 IN LINE 98 OF .\MAIN.C: 'SEG': undefined identifier
*** ERROR C202 IN LINE 100 OF .\MAIN.C: 'SEG': undefined identifier
C51 COMPILATION COMPLETE.  0 WARNING(S),  8 ERROR(S)

[2022-01-29 12:02:48]	compilation failed at : "d:\keilc51_workspace\51_project_code\STC89C52\stopwatch\main.c", exit code: 2
  at unify_builder.Program.Main (System.String[] args) [0x0187a] in <67d11e1b30504dd6babd321425698ba1>:0 
---
C51 COMPILER V9.60.0.0 - SN: K1DZC-YRXDFC
COPYRIGHT Copyright (C) 2012 - 2019 ARM Ltd and ARM Germany GmbH. All rights reserved.
*** ERROR C146 IN LINE 12 OF .\MAIN.C: 'P30': invalid base address
*** ERROR C146 IN LINE 13 OF .\MAIN.C: 'P31': invalid base address
*** ERROR C146 IN LINE 14 OF .\MAIN.C: 'P32': invalid base address
*** ERROR C146 IN LINE 15 OF .\MAIN.C: 'P33': invalid base address
C51 COMPILATION COMPLETE.  0 WARNING(S),  4 ERROR(S)

[2022-01-29 12:03:27]	compilation failed at : "d:\keilc51_workspace\51_project_code\STC89C52\stopwatch\main.c", exit code: 2
  at unify_builder.Program.Main (System.String[] args) [0x0187a] in <67d11e1b30504dd6babd321425698ba1>:0 
---
C51 COMPILER V9.60.0.0 - SN: K1DZC-YRXDFC
COPYRIGHT Copyright (C) 2012 - 2019 ARM Ltd and ARM Germany GmbH. All rights reserved.
*** ERROR C231 IN LINE 13 OF C:\Keil_v5\C51\INC\REG51.H: 'P0': redefinition
*** ERROR C231 IN LINE 14 OF C:\Keil_v5\C51\INC\REG51.H: 'P1': redefinition
*** ERROR C231 IN LINE 15 OF C:\Keil_v5\C51\INC\REG51.H: 'P2': redefinition
*** ERROR C231 IN LINE 16 OF C:\Keil_v5\C51\INC\REG51.H: 'P3': redefinition
*** ERROR C231 IN LINE 17 OF C:\Keil_v5\C51\INC\REG51.H: 'PSW': redefinition
*** ERROR C231 IN LINE 18 OF C:\Keil_v5\C51\INC\REG51.H: 'ACC': redefinition
*** ERROR C231 IN LINE 19 OF C:\Keil_v5\C51\INC\REG51.H: 'B': redefinition
*** ERROR C231 IN LINE 20 OF C:\Keil_v5\C51\INC\REG51.H: 'SP': redefinition
*** ERROR C231 IN LINE 21 OF C:\Keil_v5\C51\INC\REG51.H: 'DPL': redefinition
*** ERROR C231 IN LINE 22 OF C:\Keil_v5\C51\INC\REG51.H: 'DPH': redefinition
*** ERROR C231 IN LINE 23 OF C:\Keil_v5\C51\INC\REG51.H: 'PCON': redefinition
*** ERROR C231 IN LINE 24 OF C:\Keil_v5\C51\INC\REG51.H: 'TCON': redefinition
*** ERROR C231 IN LINE 25 OF C:\Keil_v5\C51\INC\REG51.H: 'TMOD': redefinition
*** ERROR C231 IN LINE 26 OF C:\Keil_v5\C51\INC\REG51.H: 'TL0': redefinition
*** ERROR C231 IN LINE 27 OF C:\Keil_v5\C51\INC\REG51.H: 'TL1': redefinition
*** ERROR C231 IN LINE 28 OF C:\Keil_v5\C51\INC\REG51.H: 'TH0': redefinition
*** ERROR C231 IN LINE 29 OF C:\Keil_v5\C51\INC\REG51.H: 'TH1': redefinition
*** ERROR C231 IN LINE 30 OF C:\Keil_v5\C51\INC\REG51.H: 'IE': redefinition
*** ERROR C231 IN LINE 31 OF C:\Keil_v5\C51\INC\REG51.H: 'IP': redefinition
*** ERROR C231 IN LINE 32 OF C:\Keil_v5\C51\INC\REG51.H: 'SCON': redefinition
*** ERROR C231 IN LINE 33 OF C:\Keil_v5\C51\INC\REG51.H: 'SBUF': redefinition
*** ERROR C231 IN LINE 38 OF C:\Keil_v5\C51\INC\REG51.H: 'CY': redefinition
*** ERROR C231 IN LINE 39 OF C:\Keil_v5\C51\INC\REG51.H: 'AC': redefinition
*** ERROR C231 IN LINE 40 OF C:\Keil_v5\C51\INC\REG51.H: 'F0': redefinition
*** ERROR C231 IN LINE 41 OF C:\Keil_v5\C51\INC\REG51.H: 'RS1': redefinition
*** ERROR C231 IN LINE 42 OF C:\Keil_v5\C51\INC\REG51.H: 'RS0': redefinition
*** ERROR C231 IN LINE 43 OF C:\Keil_v5\C51\INC\REG51.H: 'OV': redefinition
*** ERROR C231 IN LINE 44 OF C:\Keil_v5\C51\INC\REG51.H: 'P': redefinition
*** ERROR C231 IN LINE 47 OF C:\Keil_v5\C51\INC\REG51.H: 'TF1': redefinition
*** ERROR C231 IN LINE 48 OF C:\Keil_v5\C51\INC\REG51.H: 'TR1': redefinition
*** ERROR C231 IN LINE 49 OF C:\Keil_v5\C51\INC\REG51.H: 'TF0': redefinition
*** ERROR C231 IN LINE 50 OF C:\Keil_v5\C51\INC\REG51.H: 'TR0': redefinition
*** ERROR C231 IN LINE 51 OF C:\Keil_v5\C51\INC\REG51.H: 'IE1': redefinition
*** ERROR C231 IN LINE 52 OF C:\Keil_v5\C51\INC\REG51.H: 'IT1': redefinition
*** ERROR C231 IN LINE 53 OF C:\Keil_v5\C51\INC\REG51.H: 'IE0': redefinition
*** ERROR C231 IN LINE 54 OF C:\Keil_v5\C51\INC\REG51.H: 'IT0': redefinition
*** ERROR C231 IN LINE 57 OF C:\Keil_v5\C51\INC\REG51.H: 'EA': redefinition
*** ERROR C231 IN LINE 58 OF C:\Keil_v5\C51\INC\REG51.H: 'ES': redefinition
*** ERROR C231 IN LINE 59 OF C:\Keil_v5\C51\INC\REG51.H: 'ET1': redefinition
*** ERROR C231 IN LINE 60 OF C:\Keil_v5\C51\INC\REG51.H: 'EX1': redefinition
*** ERROR C231 IN LINE 61 OF C:\Keil_v5\C51\INC\REG51.H: 'ET0': redefinition
*** ERROR C231 IN LINE 62 OF C:\Keil_v5\C51\INC\REG51.H: 'EX0': redefinition
*** ERROR C231 IN LINE 65 OF C:\Keil_v5\C51\INC\REG51.H: 'PS': redefinition
*** ERROR C231 IN LINE 66 OF C:\Keil_v5\C51\INC\REG51.H: 'PT1': redefinition
*** ERROR C231 IN LINE 67 OF C:\Keil_v5\C51\INC\REG51.H: 'PX1': redefinition
*** ERROR C231 IN LINE 68 OF C:\Keil_v5\C51\INC\REG51.H: 'PT0': redefinition
*** ERROR C231 IN LINE 69 OF C:\Keil_v5\C51\INC\REG51.H: 'PX0': redefinition
*** ERROR C231 IN LINE 72 OF C:\Keil_v5\C51\INC\REG51.H: 'RD': redefinition
*** ERROR C231 IN LINE 73 OF C:\Keil_v5\C51\INC\REG51.H: 'WR': redefinition
*** ERROR C231 IN LINE 74 OF C:\Keil_v5\C51\INC\REG51.H: 'T1': redefinition
*** ERROR C231 IN LINE 75 OF C:\Keil_v5\C51\INC\REG51.H: 'T0': redefinition
*** ERROR C231 IN LINE 76 OF C:\Keil_v5\C51\INC\REG51.H: 'INT1': redefinition
*** ERROR C231 IN LINE 77 OF C:\Keil_v5\C51\INC\REG51.H: 'INT0': redefinition
*** ERROR C231 IN LINE 78 OF C:\Keil_v5\C51\INC\REG51.H: 'TXD': redefinition
*** ERROR C231 IN LINE 79 OF C:\Keil_v5\C51\INC\REG51.H: 'RXD': redefinition
*** ERROR C231 IN LINE 82 OF C:\Keil_v5\C51\INC\REG51.H: 'SM0': redefinition
*** ERROR C231 IN LINE 83 OF C:\Keil_v5\C51\INC\REG51.H: 'SM1': redefinition
*** ERROR C231 IN LINE 84 OF C:\Keil_v5\C51\INC\REG51.H: 'SM2': redefinition
*** ERROR C231 IN LINE 85 OF C:\Keil_v5\C51\INC\REG51.H: 'REN': redefinition
*** ERROR C231 IN LINE 86 OF C:\Keil_v5\C51\INC\REG51.H: 'TB8': redefinition
*** ERROR C231 IN LINE 87 OF C:\Keil_v5\C51\INC\REG51.H: 'RB8': redefinition
*** ERROR C231 IN LINE 88 OF C:\Keil_v5\C51\INC\REG51.H: 'TI': redefinition
*** ERROR C231 IN LINE 89 OF C:\Keil_v5\C51\INC\REG51.H: 'RI': redefinition
*** ERROR C146 IN LINE 13 OF .\MAIN.C: 'P30': invalid base address
*** ERROR C146 IN LINE 14 OF .\MAIN.C: 'P31': invalid base address
*** ERROR C146 IN LINE 15 OF .\MAIN.C: 'P32': invalid base address
*** ERROR C146 IN LINE 16 OF .\MAIN.C: 'P33': invalid base address
C51 COMPILATION COMPLETE.  0 WARNING(S),  67 ERROR(S)

[2022-01-29 12:03:33]	compilation failed at : "d:\keilc51_workspace\51_project_code\STC89C52\stopwatch\main.c", exit code: 2
  at unify_builder.Program.Main (System.String[] args) [0x0187a] in <67d11e1b30504dd6babd321425698ba1>:0 
---
C51 COMPILER V9.60.0.0 - SN: K1DZC-YRXDFC
COPYRIGHT Copyright (C) 2012 - 2019 ARM Ltd and ARM Germany GmbH. All rights reserved.
*** WARNING C318 IN LINE 11 OF .\MAIN.C: can't open file 'REG51F.H'
*** ERROR C146 IN LINE 13 OF .\MAIN.C: 'P30': invalid base address
*** ERROR C146 IN LINE 14 OF .\MAIN.C: 'P31': invalid base address
*** ERROR C146 IN LINE 15 OF .\MAIN.C: 'P32': invalid base address
*** ERROR C146 IN LINE 16 OF .\MAIN.C: 'P33': invalid base address
C51 COMPILATION COMPLETE.  1 WARNING(S),  4 ERROR(S)

[2022-01-29 12:03:43]	compilation failed at : "d:\keilc51_workspace\51_project_code\STC89C52\stopwatch\main.c", exit code: 2
  at unify_builder.Program.Main (System.String[] args) [0x0187a] in <67d11e1b30504dd6babd321425698ba1>:0 
---
C51 COMPILER V9.60.0.0 - SN: K1DZC-YRXDFC
COPYRIGHT Copyright (C) 2012 - 2019 ARM Ltd and ARM Germany GmbH. All rights reserved.
*** ERROR C231 IN LINE 13 OF C:\Keil_v5\C51\INC\REG52.H: 'P0': redefinition
*** ERROR C231 IN LINE 14 OF C:\Keil_v5\C51\INC\REG52.H: 'P1': redefinition
*** ERROR C231 IN LINE 15 OF C:\Keil_v5\C51\INC\REG52.H: 'P2': redefinition
*** ERROR C231 IN LINE 16 OF C:\Keil_v5\C51\INC\REG52.H: 'P3': redefinition
*** ERROR C231 IN LINE 17 OF C:\Keil_v5\C51\INC\REG52.H: 'PSW': redefinition
*** ERROR C231 IN LINE 18 OF C:\Keil_v5\C51\INC\REG52.H: 'ACC': redefinition
*** ERROR C231 IN LINE 19 OF C:\Keil_v5\C51\INC\REG52.H: 'B': redefinition
*** ERROR C231 IN LINE 20 OF C:\Keil_v5\C51\INC\REG52.H: 'SP': redefinition
*** ERROR C231 IN LINE 21 OF C:\Keil_v5\C51\INC\REG52.H: 'DPL': redefinition
*** ERROR C231 IN LINE 22 OF C:\Keil_v5\C51\INC\REG52.H: 'DPH': redefinition
*** ERROR C231 IN LINE 23 OF C:\Keil_v5\C51\INC\REG52.H: 'PCON': redefinition
*** ERROR C231 IN LINE 24 OF C:\Keil_v5\C51\INC\REG52.H: 'TCON': redefinition
*** ERROR C231 IN LINE 25 OF C:\Keil_v5\C51\INC\REG52.H: 'TMOD': redefinition
*** ERROR C231 IN LINE 26 OF C:\Keil_v5\C51\INC\REG52.H: 'TL0': redefinition
*** ERROR C231 IN LINE 27 OF C:\Keil_v5\C51\INC\REG52.H: 'TL1': redefinition
*** ERROR C231 IN LINE 28 OF C:\Keil_v5\C51\INC\REG52.H: 'TH0': redefinition
*** ERROR C231 IN LINE 29 OF C:\Keil_v5\C51\INC\REG52.H: 'TH1': redefinition
*** ERROR C231 IN LINE 30 OF C:\Keil_v5\C51\INC\REG52.H: 'IE': redefinition
*** ERROR C231 IN LINE 31 OF C:\Keil_v5\C51\INC\REG52.H: 'IP': redefinition
*** ERROR C231 IN LINE 32 OF C:\Keil_v5\C51\INC\REG52.H: 'SCON': redefinition
*** ERROR C231 IN LINE 33 OF C:\Keil_v5\C51\INC\REG52.H: 'SBUF': redefinition
*** ERROR C231 IN LINE 36 OF C:\Keil_v5\C51\INC\REG52.H: 'T2CON': redefinition
*** ERROR C231 IN LINE 37 OF C:\Keil_v5\C51\INC\REG52.H: 'RCAP2L': redefinition
*** ERROR C231 IN LINE 38 OF C:\Keil_v5\C51\INC\REG52.H: 'RCAP2H': redefinition
*** ERROR C231 IN LINE 39 OF C:\Keil_v5\C51\INC\REG52.H: 'TL2': redefinition
*** ERROR C231 IN LINE 40 OF C:\Keil_v5\C51\INC\REG52.H: 'TH2': redefinition
*** ERROR C231 IN LINE 45 OF C:\Keil_v5\C51\INC\REG52.H: 'CY': redefinition
*** ERROR C231 IN LINE 46 OF C:\Keil_v5\C51\INC\REG52.H: 'AC': redefinition
*** ERROR C231 IN LINE 47 OF C:\Keil_v5\C51\INC\REG52.H: 'F0': redefinition
*** ERROR C231 IN LINE 48 OF C:\Keil_v5\C51\INC\REG52.H: 'RS1': redefinition
*** ERROR C231 IN LINE 49 OF C:\Keil_v5\C51\INC\REG52.H: 'RS0': redefinition
*** ERROR C231 IN LINE 50 OF C:\Keil_v5\C51\INC\REG52.H: 'OV': redefinition
*** ERROR C231 IN LINE 51 OF C:\Keil_v5\C51\INC\REG52.H: 'P': redefinition
*** ERROR C231 IN LINE 54 OF C:\Keil_v5\C51\INC\REG52.H: 'TF1': redefinition
*** ERROR C231 IN LINE 55 OF C:\Keil_v5\C51\INC\REG52.H: 'TR1': redefinition
*** ERROR C231 IN LINE 56 OF C:\Keil_v5\C51\INC\REG52.H: 'TF0': redefinition
*** ERROR C231 IN LINE 57 OF C:\Keil_v5\C51\INC\REG52.H: 'TR0': redefinition
*** ERROR C231 IN LINE 58 OF C:\Keil_v5\C51\INC\REG52.H: 'IE1': redefinition
*** ERROR C231 IN LINE 59 OF C:\Keil_v5\C51\INC\REG52.H: 'IT1': redefinition
*** ERROR C231 IN LINE 60 OF C:\Keil_v5\C51\INC\REG52.H: 'IE0': redefinition
*** ERROR C231 IN LINE 61 OF C:\Keil_v5\C51\INC\REG52.H: 'IT0': redefinition
*** ERROR C231 IN LINE 64 OF C:\Keil_v5\C51\INC\REG52.H: 'EA': redefinition
*** ERROR C231 IN LINE 65 OF C:\Keil_v5\C51\INC\REG52.H: 'ET2': redefinition
*** ERROR C231 IN LINE 66 OF C:\Keil_v5\C51\INC\REG52.H: 'ES': redefinition
*** ERROR C231 IN LINE 67 OF C:\Keil_v5\C51\INC\REG52.H: 'ET1': redefinition
*** ERROR C231 IN LINE 68 OF C:\Keil_v5\C51\INC\REG52.H: 'EX1': redefinition
*** ERROR C231 IN LINE 69 OF C:\Keil_v5\C51\INC\REG52.H: 'ET0': redefinition
*** ERROR C231 IN LINE 70 OF C:\Keil_v5\C51\INC\REG52.H: 'EX0': redefinition
*** ERROR C231 IN LINE 73 OF C:\Keil_v5\C51\INC\REG52.H: 'PT2': redefinition
*** ERROR C231 IN LINE 74 OF C:\Keil_v5\C51\INC\REG52.H: 'PS': redefinition
*** ERROR C231 IN LINE 75 OF C:\Keil_v5\C51\INC\REG52.H: 'PT1': redefinition
*** ERROR C231 IN LINE 76 OF C:\Keil_v5\C51\INC\REG52.H: 'PX1': redefinition
*** ERROR C231 IN LINE 77 OF C:\Keil_v5\C51\INC\REG52.H: 'PT0': redefinition
*** ERROR C231 IN LINE 78 OF C:\Keil_v5\C51\INC\REG52.H: 'PX0': redefinition
*** ERROR C231 IN LINE 81 OF C:\Keil_v5\C51\INC\REG52.H: 'RD': redefinition
*** ERROR C231 IN LINE 82 OF C:\Keil_v5\C51\INC\REG52.H: 'WR': redefinition
*** ERROR C231 IN LINE 83 OF C:\Keil_v5\C51\INC\REG52.H: 'T1': redefinition
*** ERROR C231 IN LINE 84 OF C:\Keil_v5\C51\INC\REG52.H: 'T0': redefinition
*** ERROR C231 IN LINE 85 OF C:\Keil_v5\C51\INC\REG52.H: 'INT1': redefinition
*** ERROR C231 IN LINE 86 OF C:\Keil_v5\C51\INC\REG52.H: 'INT0': redefinition
*** ERROR C231 IN LINE 87 OF C:\Keil_v5\C51\INC\REG52.H: 'TXD': redefinition
*** ERROR C231 IN LINE 88 OF C:\Keil_v5\C51\INC\REG52.H: 'RXD': redefinition
*** ERROR C231 IN LINE 91 OF C:\Keil_v5\C51\INC\REG52.H: 'SM0': redefinition
*** ERROR C231 IN LINE 92 OF C:\Keil_v5\C51\INC\REG52.H: 'SM1': redefinition
*** ERROR C231 IN LINE 93 OF C:\Keil_v5\C51\INC\REG52.H: 'SM2': redefinition
*** ERROR C231 IN LINE 94 OF C:\Keil_v5\C51\INC\REG52.H: 'REN': redefinition
*** ERROR C231 IN LINE 95 OF C:\Keil_v5\C51\INC\REG52.H: 'TB8': redefinition
*** ERROR C231 IN LINE 96 OF C:\Keil_v5\C51\INC\REG52.H: 'RB8': redefinition
*** ERROR C231 IN LINE 97 OF C:\Keil_v5\C51\INC\REG52.H: 'TI': redefinition
*** ERROR C231 IN LINE 98 OF C:\Keil_v5\C51\INC\REG52.H: 'RI': redefinition
*** ERROR C231 IN LINE 101 OF C:\Keil_v5\C51\INC\REG52.H: 'T2EX': redefinition
*** ERROR C231 IN LINE 102 OF C:\Keil_v5\C51\INC\REG52.H: 'T2': redefinition
*** ERROR C231 IN LINE 105 OF C:\Keil_v5\C51\INC\REG52.H: 'TF2': redefinition
*** ERROR C231 IN LINE 106 OF C:\Keil_v5\C51\INC\REG52.H: 'EXF2': redefinition
*** ERROR C231 IN LINE 107 OF C:\Keil_v5\C51\INC\REG52.H: 'RCLK': redefinition
*** ERROR C231 IN LINE 108 OF C:\Keil_v5\C51\INC\REG52.H: 'TCLK': redefinition
*** ERROR C231 IN LINE 109 OF C:\Keil_v5\C51\INC\REG52.H: 'EXEN2': redefinition
*** ERROR C231 IN LINE 110 OF C:\Keil_v5\C51\INC\REG52.H: 'TR2': redefinition
*** ERROR C231 IN LINE 111 OF C:\Keil_v5\C51\INC\REG52.H: 'C_T2': redefinition
*** ERROR C231 IN LINE 112 OF C:\Keil_v5\C51\INC\REG52.H: 'CP_RL2': redefinition
*** ERROR C146 IN LINE 13 OF .\MAIN.C: 'P30': invalid base address
*** ERROR C146 IN LINE 14 OF .\MAIN.C: 'P31': invalid base address
*** ERROR C146 IN LINE 15 OF .\MAIN.C: 'P32': invalid base address
*** ERROR C146 IN LINE 16 OF .\MAIN.C: 'P33': invalid base address
C51 COMPILATION COMPLETE.  0 WARNING(S),  84 ERROR(S)

[2022-01-29 20:20:37]	compilation failed at : "d:\keilc51_workspace\51_project_code\STC89C52\stopwatch\main.c", exit code: 2
  at unify_builder.Program.Main (System.String[] args) [0x0187a] in <67d11e1b30504dd6babd321425698ba1>:0 
---
C51 COMPILER V9.60.0.0 - SN: K1DZC-YRXDFC
COPYRIGHT Copyright (C) 2012 - 2019 ARM Ltd and ARM Germany GmbH. All rights reserved.
*** WARNING C206 IN LINE 28 OF .\MAIN.C: 'ConfigTimr0': missing function-prototype
*** ERROR C267 IN LINE 28 OF .\MAIN.C: 'ConfigTimr0': requires ANSI-style prototype
*** ERROR C202 IN LINE 32 OF .\MAIN.C: 'StopwatchRefresh': undefined identifier
C51 COMPILATION COMPLETE.  1 WARNING(S),  2 ERROR(S)

[2022-01-30 17:34:42]	[done]
	build successfully !

[2022-01-30 17:37:51]	[done]
	build successfully !

[2022-01-30 17:38:02]	[done]
	build successfully !

[2022-01-31 09:52:51]	compilation failed at : "d:\keilc51_workspace\51_project_code\STC89C52\stopwatch\main.c", exit code: 2
  at unify_builder.Program.Main (System.String[] args) [0x0187a] in <67d11e1b30504dd6babd321425698ba1>:0 
---
C51 COMPILER V9.60.0.0 - SN: K1DZC-YRXDFC
COPYRIGHT Copyright (C) 2012 - 2019 ARM Ltd and ARM Germany GmbH. All rights reserved.
*** ERROR C242 IN LINE 26 OF .\MAIN.C: 'scalar': too many initializers
C51 COMPILATION COMPLETE.  0 WARNING(S),  1 ERROR(S)

[2022-01-31 09:53:03]	compilation failed at : "d:\keilc51_workspace\51_project_code\STC89C52\stopwatch\main.c", exit code: 2
  at unify_builder.Program.Main (System.String[] args) [0x0187a] in <67d11e1b30504dd6babd321425698ba1>:0 
---
C51 COMPILER V9.60.0.0 - SN: K1DZC-YRXDFC
COPYRIGHT Copyright (C) 2012 - 2019 ARM Ltd and ARM Germany GmbH. All rights reserved.
*** WARNING C206 IN LINE 43 OF .\MAIN.C: 'ConfigTimer0ms': missing function-prototype
*** ERROR C267 IN LINE 43 OF .\MAIN.C: 'ConfigTimer0ms': requires ANSI-style prototype
C51 COMPILATION COMPLETE.  1 WARNING(S),  1 ERROR(S)

[2022-01-31 11:22:48]	compilation failed at : "d:\keilc51_workspace\51_project_code\STC89C52\stopwatch\main.c", exit code: 2
  at unify_builder.Program.Main (System.String[] args) [0x0187a] in <67d11e1b30504dd6babd321425698ba1>:0 
---
C51 COMPILER V9.60.0.0 - SN: K1DZC-YRXDFC
COPYRIGHT Copyright (C) 2012 - 2019 ARM Ltd and ARM Germany GmbH. All rights reserved.
*** WARNING C206 IN LINE 43 OF .\MAIN.C: 'ConfigTimer0ms': missing function-prototype
*** ERROR C267 IN LINE 43 OF .\MAIN.C: 'ConfigTimer0ms': requires ANSI-style prototype
C51 COMPILATION COMPLETE.  1 WARNING(S),  1 ERROR(S)

[2022-01-31 11:23:40]	compilation failed at : "d:\keilc51_workspace\51_project_code\STC89C52\stopwatch\main.c", exit code: 2
  at unify_builder.Program.Main (System.String[] args) [0x0187a] in <67d11e1b30504dd6babd321425698ba1>:0 
---
C51 COMPILER V9.60.0.0 - SN: K1DZC-YRXDFC
COPYRIGHT Copyright (C) 2012 - 2019 ARM Ltd and ARM Germany GmbH. All rights reserved.
*** ERROR C141 IN LINE 38 OF .\MAIN.C: syntax error near 'void', expected 'hdata'
C51 COMPILATION COMPLETE.  0 WARNING(S),  1 ERROR(S)

[2022-01-31 11:24:42]	compilation failed at : "d:\keilc51_workspace\51_project_code\STC89C52\stopwatch\main.c", exit code: 2
  at unify_builder.Program.Main (System.String[] args) [0x0187a] in <67d11e1b30504dd6babd321425698ba1>:0 
---
C51 COMPILER V9.60.0.0 - SN: K1DZC-YRXDFC
COPYRIGHT Copyright (C) 2012 - 2019 ARM Ltd and ARM Germany GmbH. All rights reserved.
*** WARNING C275 IN LINE 98 OF .\MAIN.C: expression with possibly no effect
*** ERROR C242 IN LINE 131 OF .\MAIN.C: 'scalar': too many initializers
*** ERROR C202 IN LINE 160 OF .\MAIN.C: 'x': undefined identifier
*** ERROR C202 IN LINE 165 OF .\MAIN.C: 'x': undefined identifier
C51 COMPILATION COMPLETE.  1 WARNING(S),  3 ERROR(S)

[2022-01-31 11:24:51]	compilation failed at : "d:\keilc51_workspace\51_project_code\STC89C52\stopwatch\main.c", exit code: 2
  at unify_builder.Program.Main (System.String[] args) [0x0187a] in <67d11e1b30504dd6babd321425698ba1>:0 
---
C51 COMPILER V9.60.0.0 - SN: K1DZC-YRXDFC
COPYRIGHT Copyright (C) 2012 - 2019 ARM Ltd and ARM Germany GmbH. All rights reserved.
*** WARNING C275 IN LINE 98 OF .\MAIN.C: expression with possibly no effect
*** ERROR C202 IN LINE 160 OF .\MAIN.C: 'x': undefined identifier
*** ERROR C202 IN LINE 165 OF .\MAIN.C: 'x': undefined identifier
C51 COMPILATION COMPLETE.  1 WARNING(S),  2 ERROR(S)

[2022-01-31 11:25:07]	[done]
	build successfully !

[2022-01-31 11:26:51]	[done]
	build successfully !

[2022-01-31 11:28:29]	[done]
	build successfully !

[2022-01-31 11:31:23]	[done]
	build successfully !

[2022-01-31 11:35:18]	[done]
	build successfully !

[2022-01-31 11:37:41]	[done]
	build successfully !

[2022-01-31 11:39:34]	[done]
	build successfully !

[2022-01-31 11:43:47]	[done]
	build successfully !

[2022-01-31 11:46:26]	[done]
	build successfully !

[2022-01-31 11:46:44]	[done]
	build successfully !

[2022-01-31 11:47:23]	[done]
	build successfully !

[2022-01-31 11:47:42]	[done]
	build successfully !

[2022-01-31 11:48:23]	[done]
	build successfully !

[2022-01-31 11:48:36]	[done]
	build successfully !

[2022-01-31 11:50:32]	[done]
	build successfully !

