C51 COMPILER V9.60.0.0   MAIN                                                              01/13/2022 10:47:44 PAGE 1   


C51 COMPILER V9.60.0.0, COMPILATION OF MODULE MAIN
OBJECT MODULE PLACED IN .\build\Target 1\main.o
COMPILER INVOKED BY: C:\Keil_v5\C51\BIN\C51.exe .\MAIN.C PRINT(.\build\Target 1\main.lst) OMF2 TABS(4) CODE NOCOND SYMBO
                    -LS OPTIMIZE(8,SPEED) SMALL ROM(LARGE) INCDIR(C:\Keil_v5\C51\INC\STC;C:\Keil_v5\C51\INC) DEFINE(__UVISION_VERSION=526) OB
                    -JECT(.\build\Target 1\main.o)

line level    source

   1          /*
   2           * @Descripttion: 使用定时器0实现流水灯循环左移右移
   3           * @Author: 五月雨
   4           * @Date: 2022-01-13 10:05:42
   5           * @LastEditors: 五月雨
   6           * @LastEditTime: 2022-01-13 10:47:41
   7           * @Board:  清翔51开发板
   8           * @Chip： STC89C52
   9           */
  10          #include <STC89C5xRC.H>
  11          
  12          void main()
  13          {
  14   1          unsigned char cntOverflow = 0;    //记录定时器溢出次数
  15   1          unsigned char cntMove = 0;        //记录移位次数
  16   1          unsigned char leftFlag = 0;       //左移完成标志
  17   1          unsigned char rightFlag = 0;      //右移完成标志
  18   1      
  19   1          TMOD = 0x01;    //设置工作模式为1
  20   1          TH0 = 0xB8;     //定时20ms
  21   1          TL0 = 0x00;
  22   1          TR0 = 1;        //启用定时器
  23   1      
  24   1          while(1)
  25   1          {
  26   2              if(TF0 == 1)
  27   2              {
  28   3                  TF0 = 0;    //定时器重载
  29   3                  TH0 = 0xB8;
  30   3                  TL0 = 0x00;
  31   3                  cntOverflow++;
  32   3                  if(cntOverflow == 50)
  33   3                  {
  34   4                      cntOverflow = 0;    //清零溢出次数，重新开始计时
  35   4                      if(leftFlag == 0)
  36   4                      {
  37   5                          P1 = ~(0x01 << cntMove);    //左移
  38   5                          cntMove++;
  39   5                          if(cntMove == 8)    //左移完成
  40   5                          {
  41   6                              leftFlag = 1;
  42   6                              rightFlag = 0;
  43   6                              cntMove = 0;
  44   6                          }
  45   5                      }
  46   4                      else if(rightFlag == 0)
  47   4                      {
  48   5                          P1 = ~(0x80 >> cntMove);    //右移
  49   5                          cntMove++;
  50   5                          if(cntMove == 8)    //右移完成
  51   5                          {
  52   6                              leftFlag = 0;
  53   6                              rightFlag = 1;
C51 COMPILER V9.60.0.0   MAIN                                                              01/13/2022 10:47:44 PAGE 2   

  54   6                              cntMove = 0;
  55   6                          }
  56   5                      }
  57   4                  }
  58   3              }
  59   2          }
  60   1      }
C51 COMPILER V9.60.0.0   MAIN                                                              01/13/2022 10:47:44 PAGE 3   

ASSEMBLY LISTING OF GENERATED OBJECT CODE


             ; FUNCTION main (BEGIN)
                                           ; SOURCE LINE # 12
                                           ; SOURCE LINE # 13
                                           ; SOURCE LINE # 14
;---- Variable 'cntOverflow' assigned to Register 'R7' ----
0000 E4                CLR     A
0001 FF                MOV     R7,A
                                           ; SOURCE LINE # 15
;---- Variable 'cntMove' assigned to Register 'R6' ----
0002 FE                MOV     R6,A
                                           ; SOURCE LINE # 16
;---- Variable 'leftFlag' assigned to Register 'R5' ----
0003 FD                MOV     R5,A
                                           ; SOURCE LINE # 17
;---- Variable 'rightFlag' assigned to Register 'R4' ----
0004 FC                MOV     R4,A
                                           ; SOURCE LINE # 19
0005 758901            MOV     TMOD,#01H
                                           ; SOURCE LINE # 20
0008 758CB8            MOV     TH0,#0B8H
                                           ; SOURCE LINE # 21
000B F58A              MOV     TL0,A
                                           ; SOURCE LINE # 22
000D D28C              SETB    TR0
000F         ?C0001:
                                           ; SOURCE LINE # 24
                                           ; SOURCE LINE # 25
                                           ; SOURCE LINE # 26
000F 308DFD            JNB     TF0,?C0001
                                           ; SOURCE LINE # 27
                                           ; SOURCE LINE # 28
0012 C28D              CLR     TF0
                                           ; SOURCE LINE # 29
0014 758CB8            MOV     TH0,#0B8H
                                           ; SOURCE LINE # 30
0017 E4                CLR     A
0018 F58A              MOV     TL0,A
                                           ; SOURCE LINE # 31
001A 0F                INC     R7
                                           ; SOURCE LINE # 32
001B EF                MOV     A,R7
001C 6432              XRL     A,#032H
001E 70EF              JNZ     ?C0001
                                           ; SOURCE LINE # 33
                                           ; SOURCE LINE # 34
0020 FF                MOV     R7,A
                                           ; SOURCE LINE # 35
0021 ED                MOV     A,R5
0022 7019              JNZ     ?C0005
                                           ; SOURCE LINE # 36
                                           ; SOURCE LINE # 37
0024 A806              MOV     R0,AR6
0026 04                INC     A
0027 08                INC     R0
0028 8002              SJMP    ?C0012
002A         ?C0011:
002A C3                CLR     C
002B 33                RLC     A
002C         ?C0012:
C51 COMPILER V9.60.0.0   MAIN                                                              01/13/2022 10:47:44 PAGE 4   

002C D8FC              DJNZ    R0,?C0011
002E F4                CPL     A
002F F590              MOV     P1,A
                                           ; SOURCE LINE # 38
0031 0E                INC     R6
                                           ; SOURCE LINE # 39
0032 EE                MOV     A,R6
0033 6408              XRL     A,#08H
0035 70D8              JNZ     ?C0001
                                           ; SOURCE LINE # 40
                                           ; SOURCE LINE # 41
0037 7D01              MOV     R5,#01H
                                           ; SOURCE LINE # 42
0039 FC                MOV     R4,A
                                           ; SOURCE LINE # 43
003A FE                MOV     R6,A
                                           ; SOURCE LINE # 44
                                           ; SOURCE LINE # 45
003B 80D2              SJMP    ?C0001
003D         ?C0005:
                                           ; SOURCE LINE # 46
003D EC                MOV     A,R4
003E 70CF              JNZ     ?C0001
                                           ; SOURCE LINE # 47
                                           ; SOURCE LINE # 48
0040 A806              MOV     R0,AR6
0042 7480              MOV     A,#080H
0044 08                INC     R0
0045 8002              SJMP    ?C0014
0047         ?C0013:
0047 C3                CLR     C
0048 13                RRC     A
0049         ?C0014:
0049 D8FC              DJNZ    R0,?C0013
004B F4                CPL     A
004C F590              MOV     P1,A
                                           ; SOURCE LINE # 49
004E 0E                INC     R6
                                           ; SOURCE LINE # 50
004F EE                MOV     A,R6
0050 6408              XRL     A,#08H
0052 70BB              JNZ     ?C0001
                                           ; SOURCE LINE # 51
                                           ; SOURCE LINE # 52
0054 FD                MOV     R5,A
                                           ; SOURCE LINE # 53
0055 7C01              MOV     R4,#01H
                                           ; SOURCE LINE # 54
0057 FE                MOV     R6,A
                                           ; SOURCE LINE # 55
                                           ; SOURCE LINE # 56
                                           ; SOURCE LINE # 57
                                           ; SOURCE LINE # 58
                                           ; SOURCE LINE # 59
0058 80B5              SJMP    ?C0001
             ; FUNCTION main (END)

C51 COMPILER V9.60.0.0   MAIN                                                              01/13/2022 10:47:44 PAGE 5   

NAME                                    CLASS   MSPACE  TYPE    OFFSET  SIZE
====                                    =====   ======  ====    ======  ====


P0 . . . . . . . . . . . . . . . . . .  SFR      DATA   U_CHAR   0080H  1
P1 . . . . . . . . . . . . . . . . . .  SFR      DATA   U_CHAR   0090H  1
P2 . . . . . . . . . . . . . . . . . .  SFR      DATA   U_CHAR   00A0H  1
P3 . . . . . . . . . . . . . . . . . .  SFR      DATA   U_CHAR   00B0H  1
XICON. . . . . . . . . . . . . . . . .  SFR      DATA   U_CHAR   00C0H  1
T0 . . . . . . . . . . . . . . . . . .  ABSBIT   -----  BIT      00B4H  1
AC . . . . . . . . . . . . . . . . . .  ABSBIT   -----  BIT      00D6H  1
P4 . . . . . . . . . . . . . . . . . .  SFR      DATA   U_CHAR   00E8H  1
T1 . . . . . . . . . . . . . . . . . .  ABSBIT   -----  BIT      00B5H  1
ISP_TRIG . . . . . . . . . . . . . . .  SFR      DATA   U_CHAR   00E6H  1
T2 . . . . . . . . . . . . . . . . . .  ABSBIT   -----  BIT      0090H  1
EA . . . . . . . . . . . . . . . . . .  ABSBIT   -----  BIT      00AFH  1
EC . . . . . . . . . . . . . . . . . .  ABSBIT   -----  BIT      00AEH  1
FE . . . . . . . . . . . . . . . . . .  ABSBIT   -----  BIT      009FH  1
IE . . . . . . . . . . . . . . . . . .  SFR      DATA   U_CHAR   00A8H  1
EXF2 . . . . . . . . . . . . . . . . .  ABSBIT   -----  BIT      00CEH  1
RD . . . . . . . . . . . . . . . . . .  ABSBIT   -----  BIT      00B7H  1
ES . . . . . . . . . . . . . . . . . .  ABSBIT   -----  BIT      00ACH  1
IP . . . . . . . . . . . . . . . . . .  SFR      DATA   U_CHAR   00B8H  1
RI . . . . . . . . . . . . . . . . . .  ABSBIT   -----  BIT      0098H  1
INT0 . . . . . . . . . . . . . . . . .  ABSBIT   -----  BIT      00B2H  1
CY . . . . . . . . . . . . . . . . . .  ABSBIT   -----  BIT      00D7H  1
TI . . . . . . . . . . . . . . . . . .  ABSBIT   -----  BIT      0099H  1
INT1 . . . . . . . . . . . . . . . . .  ABSBIT   -----  BIT      00B3H  1
RCAP2H . . . . . . . . . . . . . . . .  SFR      DATA   U_CHAR   00CBH  1
ISP_CMD. . . . . . . . . . . . . . . .  SFR      DATA   U_CHAR   00E5H  1
PS . . . . . . . . . . . . . . . . . .  ABSBIT   -----  BIT      00BCH  1
SP . . . . . . . . . . . . . . . . . .  SFR      DATA   U_CHAR   0081H  1
T2EX . . . . . . . . . . . . . . . . .  ABSBIT   -----  BIT      0091H  1
OV . . . . . . . . . . . . . . . . . .  ABSBIT   -----  BIT      00D2H  1
RCAP2L . . . . . . . . . . . . . . . .  SFR      DATA   U_CHAR   00CAH  1
main . . . . . . . . . . . . . . . . .  PUBLIC   CODE   PROC     0000H  -----
  cntOverflow. . . . . . . . . . . . .  * REG *  DATA   U_CHAR   0007H  1
  cntMove. . . . . . . . . . . . . . .  * REG *  DATA   U_CHAR   0006H  1
  leftFlag . . . . . . . . . . . . . .  * REG *  DATA   U_CHAR   0005H  1
  rightFlag. . . . . . . . . . . . . .  * REG *  DATA   U_CHAR   0004H  1
C_T2 . . . . . . . . . . . . . . . . .  ABSBIT   -----  BIT      00C9H  1
WR . . . . . . . . . . . . . . . . . .  ABSBIT   -----  BIT      00B6H  1
RCLK . . . . . . . . . . . . . . . . .  ABSBIT   -----  BIT      00CDH  1
TCLK . . . . . . . . . . . . . . . . .  ABSBIT   -----  BIT      00CCH  1
P00. . . . . . . . . . . . . . . . . .  ABSBIT   -----  BIT      0080H  1
SBUF . . . . . . . . . . . . . . . . .  SFR      DATA   U_CHAR   0099H  1
PCON . . . . . . . . . . . . . . . . .  SFR      DATA   U_CHAR   0087H  1
P10. . . . . . . . . . . . . . . . . .  ABSBIT   -----  BIT      0090H  1
P01. . . . . . . . . . . . . . . . . .  ABSBIT   -----  BIT      0081H  1
P20. . . . . . . . . . . . . . . . . .  ABSBIT   -----  BIT      00A0H  1
P11. . . . . . . . . . . . . . . . . .  ABSBIT   -----  BIT      0091H  1
P02. . . . . . . . . . . . . . . . . .  ABSBIT   -----  BIT      0082H  1
ISP_ADDRH. . . . . . . . . . . . . . .  SFR      DATA   U_CHAR   00E3H  1
P30. . . . . . . . . . . . . . . . . .  ABSBIT   -----  BIT      00B0H  1
P21. . . . . . . . . . . . . . . . . .  ABSBIT   -----  BIT      00A1H  1
P12. . . . . . . . . . . . . . . . . .  ABSBIT   -----  BIT      0092H  1
P03. . . . . . . . . . . . . . . . . .  ABSBIT   -----  BIT      0083H  1
SCON . . . . . . . . . . . . . . . . .  SFR      DATA   U_CHAR   0098H  1
P31. . . . . . . . . . . . . . . . . .  ABSBIT   -----  BIT      00B1H  1
P22. . . . . . . . . . . . . . . . . .  ABSBIT   -----  BIT      00A2H  1
P13. . . . . . . . . . . . . . . . . .  ABSBIT   -----  BIT      0093H  1
C51 COMPILER V9.60.0.0   MAIN                                                              01/13/2022 10:47:44 PAGE 6   

NAME                                    CLASS   MSPACE  TYPE    OFFSET  SIZE
====                                    =====   ======  ====    ======  ====


P04. . . . . . . . . . . . . . . . . .  ABSBIT   -----  BIT      0084H  1
P40. . . . . . . . . . . . . . . . . .  ABSBIT   -----  BIT      00E8H  1
TMOD . . . . . . . . . . . . . . . . .  SFR      DATA   U_CHAR   0089H  1
TCON . . . . . . . . . . . . . . . . .  SFR      DATA   U_CHAR   0088H  1
P32. . . . . . . . . . . . . . . . . .  ABSBIT   -----  BIT      00B2H  1
P23. . . . . . . . . . . . . . . . . .  ABSBIT   -----  BIT      00A3H  1
P14. . . . . . . . . . . . . . . . . .  ABSBIT   -----  BIT      0094H  1
P05. . . . . . . . . . . . . . . . . .  ABSBIT   -----  BIT      0085H  1
P41. . . . . . . . . . . . . . . . . .  ABSBIT   -----  BIT      00E9H  1
P33. . . . . . . . . . . . . . . . . .  ABSBIT   -----  BIT      00B3H  1
P24. . . . . . . . . . . . . . . . . .  ABSBIT   -----  BIT      00A4H  1
P15. . . . . . . . . . . . . . . . . .  ABSBIT   -----  BIT      0095H  1
P06. . . . . . . . . . . . . . . . . .  ABSBIT   -----  BIT      0086H  1
ISP_ADDRL. . . . . . . . . . . . . . .  SFR      DATA   U_CHAR   00E4H  1
P42. . . . . . . . . . . . . . . . . .  ABSBIT   -----  BIT      00EAH  1
P34. . . . . . . . . . . . . . . . . .  ABSBIT   -----  BIT      00B4H  1
P25. . . . . . . . . . . . . . . . . .  ABSBIT   -----  BIT      00A5H  1
P16. . . . . . . . . . . . . . . . . .  ABSBIT   -----  BIT      0096H  1
P07. . . . . . . . . . . . . . . . . .  ABSBIT   -----  BIT      0087H  1
P43. . . . . . . . . . . . . . . . . .  ABSBIT   -----  BIT      00EBH  1
P35. . . . . . . . . . . . . . . . . .  ABSBIT   -----  BIT      00B5H  1
P26. . . . . . . . . . . . . . . . . .  ABSBIT   -----  BIT      00A6H  1
P17. . . . . . . . . . . . . . . . . .  ABSBIT   -----  BIT      0097H  1
P44. . . . . . . . . . . . . . . . . .  ABSBIT   -----  BIT      00ECH  1
P36. . . . . . . . . . . . . . . . . .  ABSBIT   -----  BIT      00B6H  1
P27. . . . . . . . . . . . . . . . . .  ABSBIT   -----  BIT      00A7H  1
P45. . . . . . . . . . . . . . . . . .  ABSBIT   -----  BIT      00EDH  1
P37. . . . . . . . . . . . . . . . . .  ABSBIT   -----  BIT      00B7H  1
P46. . . . . . . . . . . . . . . . . .  ABSBIT   -----  BIT      00EEH  1
IE0. . . . . . . . . . . . . . . . . .  ABSBIT   -----  BIT      0089H  1
IE1. . . . . . . . . . . . . . . . . .  ABSBIT   -----  BIT      008BH  1
AUXR . . . . . . . . . . . . . . . . .  SFR      DATA   U_CHAR   008EH  1
B. . . . . . . . . . . . . . . . . . .  SFR      DATA   U_CHAR   00F0H  1
CP_RL2 . . . . . . . . . . . . . . . .  ABSBIT   -----  BIT      00C8H  1
ACC. . . . . . . . . . . . . . . . . .  SFR      DATA   U_CHAR   00E0H  1
ET0. . . . . . . . . . . . . . . . . .  ABSBIT   -----  BIT      00A9H  1
ET1. . . . . . . . . . . . . . . . . .  ABSBIT   -----  BIT      00ABH  1
TF0. . . . . . . . . . . . . . . . . .  ABSBIT   -----  BIT      008DH  1
ET2. . . . . . . . . . . . . . . . . .  ABSBIT   -----  BIT      00ADH  1
TF1. . . . . . . . . . . . . . . . . .  ABSBIT   -----  BIT      008FH  1
TF2. . . . . . . . . . . . . . . . . .  ABSBIT   -----  BIT      00CFH  1
RB8. . . . . . . . . . . . . . . . . .  ABSBIT   -----  BIT      009AH  1
TH0. . . . . . . . . . . . . . . . . .  SFR      DATA   U_CHAR   008CH  1
EX0. . . . . . . . . . . . . . . . . .  ABSBIT   -----  BIT      00A8H  1
IT0. . . . . . . . . . . . . . . . . .  ABSBIT   -----  BIT      0088H  1
TH1. . . . . . . . . . . . . . . . . .  SFR      DATA   U_CHAR   008DH  1
TB8. . . . . . . . . . . . . . . . . .  ABSBIT   -----  BIT      009BH  1
EX1. . . . . . . . . . . . . . . . . .  ABSBIT   -----  BIT      00AAH  1
IT1. . . . . . . . . . . . . . . . . .  ABSBIT   -----  BIT      008AH  1
TH2. . . . . . . . . . . . . . . . . .  SFR      DATA   U_CHAR   00CDH  1
P. . . . . . . . . . . . . . . . . . .  ABSBIT   -----  BIT      00D0H  1
SM0. . . . . . . . . . . . . . . . . .  ABSBIT   -----  BIT      009FH  1
TL0. . . . . . . . . . . . . . . . . .  SFR      DATA   U_CHAR   008AH  1
SM1. . . . . . . . . . . . . . . . . .  ABSBIT   -----  BIT      009EH  1
TL1. . . . . . . . . . . . . . . . . .  SFR      DATA   U_CHAR   008BH  1
SM2. . . . . . . . . . . . . . . . . .  ABSBIT   -----  BIT      009DH  1
TL2. . . . . . . . . . . . . . . . . .  SFR      DATA   U_CHAR   00CCH  1
C51 COMPILER V9.60.0.0   MAIN                                                              01/13/2022 10:47:44 PAGE 7   

NAME                                    CLASS   MSPACE  TYPE    OFFSET  SIZE
====                                    =====   ======  ====    ======  ====


PT0. . . . . . . . . . . . . . . . . .  ABSBIT   -----  BIT      00B9H  1
PT1. . . . . . . . . . . . . . . . . .  ABSBIT   -----  BIT      00BBH  1
RS0. . . . . . . . . . . . . . . . . .  ABSBIT   -----  BIT      00D3H  1
ISP_CONTR. . . . . . . . . . . . . . .  SFR      DATA   U_CHAR   00E7H  1
PT2. . . . . . . . . . . . . . . . . .  ABSBIT   -----  BIT      00BDH  1
TR0. . . . . . . . . . . . . . . . . .  ABSBIT   -----  BIT      008CH  1
RS1. . . . . . . . . . . . . . . . . .  ABSBIT   -----  BIT      00D4H  1
TR1. . . . . . . . . . . . . . . . . .  ABSBIT   -----  BIT      008EH  1
TR2. . . . . . . . . . . . . . . . . .  ABSBIT   -----  BIT      00CAH  1
PX0. . . . . . . . . . . . . . . . . .  ABSBIT   -----  BIT      00B8H  1
WDT_CONTR. . . . . . . . . . . . . . .  SFR      DATA   U_CHAR   00E1H  1
PX1. . . . . . . . . . . . . . . . . .  ABSBIT   -----  BIT      00BAH  1
DPH. . . . . . . . . . . . . . . . . .  SFR      DATA   U_CHAR   0083H  1
DPL. . . . . . . . . . . . . . . . . .  SFR      DATA   U_CHAR   0082H  1
IPH. . . . . . . . . . . . . . . . . .  SFR      DATA   U_CHAR   00B7H  1
EXEN2. . . . . . . . . . . . . . . . .  ABSBIT   -----  BIT      00CBH  1
REN. . . . . . . . . . . . . . . . . .  ABSBIT   -----  BIT      009CH  1
T2MOD. . . . . . . . . . . . . . . . .  SFR      DATA   U_CHAR   00C9H  1
T2CON. . . . . . . . . . . . . . . . .  SFR      DATA   U_CHAR   00C8H  1
ISP_DATA . . . . . . . . . . . . . . .  SFR      DATA   U_CHAR   00E2H  1
SADEN. . . . . . . . . . . . . . . . .  SFR      DATA   U_CHAR   00B9H  1
RXD. . . . . . . . . . . . . . . . . .  ABSBIT   -----  BIT      00B0H  1
SADDR. . . . . . . . . . . . . . . . .  SFR      DATA   U_CHAR   00A9H  1
TXD. . . . . . . . . . . . . . . . . .  ABSBIT   -----  BIT      00B1H  1
AUXR1. . . . . . . . . . . . . . . . .  SFR      DATA   U_CHAR   00A2H  1
F0 . . . . . . . . . . . . . . . . . .  ABSBIT   -----  BIT      00D5H  1
PSW. . . . . . . . . . . . . . . . . .  SFR      DATA   U_CHAR   00D0H  1


MODULE INFORMATION:   STATIC OVERLAYABLE
   CODE SIZE        =     90    ----
   CONSTANT SIZE    =   ----    ----
   XDATA SIZE       =   ----    ----
   PDATA SIZE       =   ----    ----
   DATA SIZE        =   ----    ----
   IDATA SIZE       =   ----    ----
   BIT SIZE         =   ----    ----
   EDATA SIZE       =   ----    ----
   HDATA SIZE       =   ----    ----
   XDATA CONST SIZE =   ----    ----
   FAR CONST SIZE   =   ----    ----
END OF MODULE INFORMATION.


C51 COMPILATION COMPLETE.  0 WARNING(S),  0 ERROR(S)
