C51 COMPILER V9.60.0.0   MAIN                                                              02/04/2022 23:05:30 PAGE 1   


C51 COMPILER V9.60.0.0, COMPILATION OF MODULE MAIN
OBJECT MODULE PLACED IN .\build\Target 1\main.o
COMPILER INVOKED BY: C:\Keil_v5\C51\BIN\C51.exe .\MAIN.C PRINT(.\build\Target 1\main.lst) OMF2 TABS(4) CODE NOCOND SYMBO
                    -LS OPTIMIZE(8,SPEED) SMALL ROM(LARGE) INCDIR(C:\Keil_v5\C51\INC\STC;C:\Keil_v5\C51\INC) DEFINE(__UVISION_VERSION=526) OB
                    -JECT(.\build\Target 1\main.o)

line level    source

   1          /*
   2           * @Descripttion: ÂÆûÁé∞‰∫§ÈÄö‰ø°Âè∑ÁÅØÂàáÊç¢ÊïàÊûúÔºåÂπ∂Âú®ÂÄíÊï∞3ÁßíÊó∂Âà©Áî®PWMÂÆûÁé∞Èó™ÁÉÅÊïàÊûú
   3           * @Author: ‰∫îÊúàÈõ®
   4           * @Date: 2022-02-01 08:23:16
   5           * @LastEditors: ‰∫îÊúàÈõ®
   6           * @LastEditTime: 2022-02-04 23:04:26
   7           * @Board: Ê∏ÖÁøî51ÂºÄÂèëÊùø
   8           * @Chip: STC89C52
   9           */
  10          #include <STC89C5xRC.H>
  11          
  12          #define PWMOUT P1                   //ÂÆö‰πâP1Âè£‰∏∫pwmËæìÂá∫Âè£
  13          
  14          unsigned char code TrafficLightColor[3] = {0xFE, 0xFD, 0xFB};
  15          unsigned long PeriodCnt = 0;        //PWMÂë®ÊúüËÆ°Êï∞ÂÄº
  16          unsigned char HighRH = 0;           //È´òÁîµÂπ≥ÈáçËΩΩÂÄºÁöÑÈ´òÂ≠óËäÇ
  17          unsigned char HighRL = 0;           //È´òÁîµÂπ≥ÈáçËΩΩÂÄºÁöÑ‰ΩéÂ≠óËäÇ
  18          unsigned char LowRH = 0;            //‰ΩéÁîµÂπ≥ÈáçËΩΩÂÄºÁöÑÈ´òÂ≠óËäÇ
  19          unsigned char LowRL = 0;            //‰ΩéÁîµÂπ≥ÈáçËΩΩÂÄºÁöÑ‰ΩéÂ≠óËäÇ
  20          unsigned char T1RH = 0;             //T1ÈáçËΩΩÂÄºÁöÑÈ´òÂ≠óËäÇ
  21          unsigned char T1RL = 0;             //T1ÈáçËΩΩÂÄºÁöÑ‰ΩéÂ≠óËäÇ
  22          unsigned char timer = 9;            //ÂÄíËÆ°Êó∂ËÆ°Êï∞ÂèòÈáèÔºåÂÖàËÆ©Á∫¢ÁÅØ‰∫Æ10Áßí
  23          unsigned char color = 0;            //‰∫§ÈÄö‰ø°Âè∑ÁÅØÈ¢úËâ≤ÊåáÁ§∫ÂèòÈáèÔºå‰πüÁõ∏ÂΩì‰∫éÈ¢úËâ≤Êï∞ÁªÑÁ¥¢Âºï
  24          bit flag_1s = 0;                    //1ÁßíÂÆöÊó∂Ê†áÂøóÂèòÈáè
  25          
  26          void ConfigTimer1(unsigned int ms);
  27          void ConfigPWM(unsigned int fr, unsigned char dc);
  28          void AdjusDutyCycle(unsigned char dc);
  29          void TrafficLight();
  30          
  31          void main()
  32          {
  33   1          EA = 1;                         //ÂºÄÊÄª‰∏≠Êñ≠
  34   1      
  35   1          ConfigPWM(100, 10);             //Áî®ÂÆöÊó∂Âô®T0ÈÖçÁΩÆÂπ∂ÂêØÂä®PWM
  36   1          ConfigTimer1(50);               //Áî®ÂÆöÊó∂Âô®T1Âä®ÊÄÅË∞ÉÊï¥Âç†Á©∫ÊØî
  37   1          while(1)
  38   1          {
  39   2              if(flag_1s)
  40   2              {
  41   3                  flag_1s = 0;
  42   3                  TrafficLight();
  43   3              }
  44   2          }
  45   1      }
  46          
  47          /* ÈÖçÁΩÆÂπ∂ÂêØÂä®T1 */
  48          void ConfigTimer1(unsigned int ms)
  49          {
  50   1          unsigned long tmp;
  51   1      
  52   1          tmp = 11059200 / 12;
  53   1          tmp = (tmp * ms) / 1000;
C51 COMPILER V9.60.0.0   MAIN                                                              02/04/2022 23:05:30 PAGE 2   

  54   1          tmp = 65536 - tmp + 37;
  55   1          T1RH = (unsigned char)(tmp >> 8);
  56   1          T1RL = (unsigned char)tmp;
  57   1          TMOD &= 0x0F;                   //Ê∏ÖÈõ∂T1ÊéßÂà∂‰Ωç
  58   1          TMOD |= 0x10;                   //ËÆæÁΩÆT1Â∑•‰ΩúÊ®°Âºè
  59   1          TH1 = T1RH;                     //Âä†ËΩΩT1ÈáçËΩΩÂÄº
  60   1          TL1 = T1RL;    
  61   1          ET1 = 1;                        //‰ΩøËÉΩT1‰∏≠Êñ≠
  62   1          TR1 = 1;                        //ÂêØÂä®T1
  63   1      }
  64          
  65          /* ÈÖçÁΩÆÂπ∂ÂêØÂä®PWMÔºåfr‰∏∫È¢ëÁéáÔºådc‰∏∫Âç†Á©∫ÊØî */
  66          void ConfigPWM(unsigned int fr, unsigned char dc)
  67          {
  68   1          unsigned int high, low;
  69   1      
  70   1          PeriodCnt = (11059200/12) / fr;                        //ËÆ°ÁÆó‰∏Ä‰∏™Âë®ÊúüÊâÄÈúÄÁöÑËÆ°Êï∞ÂÄº
  71   1          high = (PeriodCnt * dc) / 100;                         //ËÆ°ÁÆóÈ´òÁîµÂπ≥ÊâÄÈúÄÁöÑËÆ°Êï∞ÂÄº
  72   1          low = PeriodCnt - high;                                //ËÆ°ÁÆó‰ΩéÁîµÂπ≥ÊâÄÈúÄÁöÑËÆ°Êï∞ÂÄº
  73   1          high = 65536 - high + 27;                              //ËÆ°ÁÆóÈ´òÁîµÂπ≥ÁöÑÂÆöÊó∂Âô®ÈáçËΩΩÂÄºÔºåÂπ∂Ë°•
             -ÂÅø‰∏≠Êñ≠Âª∂Êó∂
  74   1          low = 65536 - low + 27;                                //ËÆ°ÁÆó‰ΩéÁîµÂπ≥ÁöÑÂÆöÊó∂Âô®ÈáçËΩΩÂÄºÔºåÂπ∂Ë°•
             -ÂÅø‰∏≠Êñ≠Âª∂Êó∂
  75   1          HighRH = (unsigned char)(high >> 8);                   //ÈáçËΩΩÂÄºÊãÜÂàÜÈ´ò‰ΩéÂ≠óËäÇ
  76   1          HighRL = (unsigned char)high;
  77   1          LowRH = (unsigned char)(low >> 8);
  78   1          LowRL = (unsigned char)low;
  79   1          TMOD &= 0xF0;                                          //Ê∏ÖÈõ∂T0ÊéßÂà∂‰Ωç
  80   1          TMOD |= 0x01;                                          //ÈÖçÁΩÆT0‰∏∫Ê®°Âºè1
  81   1          TH0 = HighRH;
  82   1          TL0 = HighRL;                   
  83   1          ET0 = 1;
  84   1          TR0 = 1;
  85   1          PWMOUT = TrafficLightColor[color];                     //ËæìÂá∫‰ΩéÁîµÂπ≥ÔºåÂÖà‰∫ÆÁ∫¢ÁÅØ
  86   1      }   
  87          
  88          /* Âç†Á©∫ÊØîË∞ÉÊï¥ÂáΩÊï∞ÔºåÈ¢ëÁéá‰∏çÂèòÂè™Ë∞ÉÊï¥Âç†Á©∫ÊØî */
  89          void AdjustDutyCycle(unsigned char dc)
  90          {
  91   1          unsigned int high, low;
  92   1      
  93   1          high = (PeriodCnt * dc) / 100;
  94   1          low = PeriodCnt - high;
  95   1          high = 65536 - high + 27;
  96   1          low = 65536 - low + 27;
  97   1          HighRH = (unsigned char)(high >> 8);
  98   1          HighRL = (unsigned char)high;
  99   1          LowRH = (unsigned char)(low >> 8);
 100   1          LowRL = (unsigned char)low;
 101   1      }
 102          
 103          /* ‰∫§ÈÄöÁÅØÁä∂ÊÄÅÂà∑Êñ∞ÂáΩÊï∞ */
 104          void TrafficLight()
 105          {
 106   1          if(timer == 0)
 107   1          {
 108   2              switch(color)
 109   2              {
 110   3                  case 0:                 //ÂàáÊç¢Âà∞ÈªÑÁÅØ‰∫Æ3Áßí
 111   3                      color = 1;
 112   3                      timer = 2;
 113   3                      PWMOUT = TrafficLightColor[color];
C51 COMPILER V9.60.0.0   MAIN                                                              02/04/2022 23:05:30 PAGE 3   

 114   3                      break;
 115   3                  case 1:                 //ÂàáÊç¢Âà∞Á∫¢ÁÅØ‰∫Æ10Áßí
 116   3                      color = 2;
 117   3                      timer = 9;
 118   3                      PWMOUT = TrafficLightColor[color];
 119   3                      break;
 120   3                  case 2:                 //ÂàáÊç¢Âà∞ÁªøÁÅØ‰∫Æ10Áßí
 121   3                      color = 0;
 122   3                      timer = 9;
 123   3                      PWMOUT = TrafficLightColor[color];
 124   3                      break;
 125   3                  default:
 126   3                      break;
 127   3              }
 128   2          }
 129   1          else
 130   1          {
 131   2              timer--;
 132   2          }
 133   1      }
 134          
 135          /* T0‰∏≠Êñ≠ÊúçÂä°ÂáΩÊï∞Ôºå‰∫ßÁîüPWMËæìÂá∫ */
 136          void InterruptTimer0() interrupt 1
 137          {
 138   1          if(PWMOUT == 0xFF)                 //Ëã•ÂΩìÂâçÊ≠£Âú®ËæìÂá∫È´òÁîµÂπ≥ÔºåË£ÖËΩΩ‰ΩéÁîµÂπ≥ÂÄºÂπ∂ËæìÂá∫‰ΩéÁî
             -µÂπ≥(Ê≠§Êó∂‰ø°Âè∑ÁÅØ‰∏ç‰∫Æ)   
 139   1          {
 140   2              TH0 = LowRH;
 141   2              TL0 = LowRL;
 142   2              PWMOUT = TrafficLightColor[color];
 143   2          }
 144   1          else                               //Ëã•ÂΩìÂâçÊ≠£Âú®ËæìÂá∫‰ΩéÁîµÂπ≥ÔºåË£ÖËΩΩÈ´òÁîµÂπ≥ÂÄºÂπ∂ËæìÂá∫È´òÁî
             -µÂπ≥
 145   1          {
 146   2              TH0 = HighRH;
 147   2              TL0 = HighRL;
 148   2              PWMOUT = 0xFF;
 149   2          }
 150   1      }
 151          
 152          /* T1‰∏≠Êñ≠ÊúçÂä°ÂáΩÊï∞ÔºåËøõË°å1sÁöÑËÆ°Êó∂ÔºåÂπ∂ÊØè50msË∞ÉÊï¥‰∏ÄÊ¨°Âç†Á©∫ÊØî */
 153          void InterruptTimer1() interrupt 3
 154          {
 155   1          static unsigned char idx = 0;              //Âç†Á©∫ÊØîË∞ÉÊï¥Ë°®Á¥¢Âºï
 156   1          static bit dir = 0;                        //Âç†Á©∫ÊØîÂèòÂåñÊñπÂêëÊ†áÂøóÂèòÈáè      
 157   1          static unsigned char cnt_50ms = 0;
 158   1          // unsigned char code table[13] = {        //Âç†Á©∫ÊØîË∞ÉÊï¥Ë°®
 159   1          //     5, 18, 30, 41, 51, 60, 68, 75, 81, 86, 90, 93, 95
 160   1          // };
 161   1          unsigned char code table[10] = {           //Âç†Á©∫ÊØîË∞ÉÊï¥Ë°®
 162   1              10, 23, 35, 46, 56, 65, 73, 80, 86, 91
 163   1          };
 164   1          TH1 = T1RH;
 165   1          TL1 = T1RL;
 166   1      
 167   1          cnt_50ms++;
 168   1          if(cnt_50ms == 20)                         //ËÆ°Êó∂Êª°1Áßí
 169   1          {
 170   2              flag_1s = 1;
 171   2              cnt_50ms = 0;
 172   2          }
 173   1      
C51 COMPILER V9.60.0.0   MAIN                                                              02/04/2022 23:05:30 PAGE 4   

 174   1          if(timer <= 2)                             //ËøõÂÖ•3ÁßíÂÄíËÆ°Êó∂ÔºåÂä®ÊÄÅË∞ÉÊï¥Âç†Á©∫ÊØî‰ΩøÂæó‰ø°Âè∑ÁÅ
             -ØÈó™ÁÉÅ
 175   1          {    
 176   2              AdjustDutyCycle(table[idx]);
 177   2              if(!dir)                               //Âç†Á©∫ÊØîÊúùÂ¢ûÂ§ßÊñπÂêëÂèòÂåñ
 178   2              {
 179   3                  idx++;
 180   3                  if(idx >= 9)
 181   3                  {
 182   4                      dir = 1;
 183   4                  }
 184   3              }
 185   2              else                                   //Âç†Á©∫ÊØîÊúùÂáèÂ∞èÊñπÂêëÂèòÂåñ 
 186   2              {
 187   3                  idx--;
 188   3                  if(idx == 0)
 189   3                  {
 190   4                      dir = 0;
 191   4                  }
 192   3              }
 193   2          }
 194   1      }
C51 COMPILER V9.60.0.0   MAIN                                                              02/04/2022 23:05:30 PAGE 5   

ASSEMBLY LISTING OF GENERATED OBJECT CODE


             ; FUNCTION main (BEGIN)
                                           ; SOURCE LINE # 31
                                           ; SOURCE LINE # 32
                                           ; SOURCE LINE # 33
0000 D2AF              SETB    EA
                                           ; SOURCE LINE # 35
0002 7D0A              MOV     R5,#0AH
0004 7F64              MOV     R7,#064H
0006 7E00              MOV     R6,#00H
0008 120000      R     LCALL   _ConfigPWM
                                           ; SOURCE LINE # 36
000B 7F32              MOV     R7,#032H
000D 7E00              MOV     R6,#00H
000F 120000      R     LCALL   _ConfigTimer1
0012         ?C0001:
                                           ; SOURCE LINE # 37
                                           ; SOURCE LINE # 38
                                           ; SOURCE LINE # 39
0012 3000FD            JNB     flag_1s,?C0001
                                           ; SOURCE LINE # 40
                                           ; SOURCE LINE # 41
0015 C200        R     CLR     flag_1s
                                           ; SOURCE LINE # 42
0017 120000      R     LCALL   TrafficLight
                                           ; SOURCE LINE # 43
                                           ; SOURCE LINE # 44
001A 80F6              SJMP    ?C0001
             ; FUNCTION main (END)

             ; FUNCTION _ConfigTimer1 (BEGIN)
                                           ; SOURCE LINE # 48
;---- Variable 'ms' assigned to Register 'R2/R3' ----
                                           ; SOURCE LINE # 49
                                           ; SOURCE LINE # 52
0000 750000      R     MOV     tmp+03H,#00H
0003 750010      R     MOV     tmp+02H,#010H
0006 75000E      R     MOV     tmp+01H,#0EH
0009 750000      R     MOV     tmp,#00H
                                           ; SOURCE LINE # 53
000C E4                CLR     A
000D FC                MOV     R4,A
000E FD                MOV     R5,A
000F AB00        R     MOV     R3,tmp+03H
0011 AA00        R     MOV     R2,tmp+02H
0013 A900        R     MOV     R1,tmp+01H
0015 A800        R     MOV     R0,tmp
0017 120000      E     LCALL   ?C?LMUL
001A E4                CLR     A
001B 7BE8              MOV     R3,#0E8H
001D 7A03              MOV     R2,#03H
001F F9                MOV     R1,A
0020 F8                MOV     R0,A
0021 120000      E     LCALL   ?C?ULDIV
0024 8F00        R     MOV     tmp+03H,R7
0026 8E00        R     MOV     tmp+02H,R6
0028 8D00        R     MOV     tmp+01H,R5
002A 8C00        R     MOV     tmp,R4
                                           ; SOURCE LINE # 54
002C C3                CLR     C
C51 COMPILER V9.60.0.0   MAIN                                                              02/04/2022 23:05:30 PAGE 6   

002D 7425              MOV     A,#025H
002F 9500        R     SUBB    A,tmp+03H
0031 F500        R     MOV     tmp+03H,A
0033 E4                CLR     A
0034 9500        R     SUBB    A,tmp+02H
0036 F500        R     MOV     tmp+02H,A
0038 7401              MOV     A,#01H
003A 9500        R     SUBB    A,tmp+01H
003C F500        R     MOV     tmp+01H,A
003E E4                CLR     A
003F 9500        R     SUBB    A,tmp
0041 F500        R     MOV     tmp,A
                                           ; SOURCE LINE # 55
0043 AF00        R     MOV     R7,tmp+03H
0045 AE00        R     MOV     R6,tmp+02H
0047 AD00        R     MOV     R5,tmp+01H
0049 FC                MOV     R4,A
004A 7808              MOV     R0,#08H
004C 120000      E     LCALL   ?C?ULSHR
004F 8F00        R     MOV     T1RH,R7
                                           ; SOURCE LINE # 56
0051 850000      R     MOV     T1RL,tmp+03H
                                           ; SOURCE LINE # 57
0054 53890F            ANL     TMOD,#0FH
                                           ; SOURCE LINE # 58
0057 438910            ORL     TMOD,#010H
                                           ; SOURCE LINE # 59
005A 85008D      R     MOV     TH1,T1RH
                                           ; SOURCE LINE # 60
005D 85008B      R     MOV     TL1,T1RL
                                           ; SOURCE LINE # 61
0060 D2AB              SETB    ET1
                                           ; SOURCE LINE # 62
0062 D28E              SETB    TR1
                                           ; SOURCE LINE # 63
0064 22                RET     
             ; FUNCTION _ConfigTimer1 (END)

             ; FUNCTION _ConfigPWM (BEGIN)
                                           ; SOURCE LINE # 66
0000 8D00        R     MOV     dc,R5
;---- Variable 'fr' assigned to Register 'R6/R7' ----
                                           ; SOURCE LINE # 67
                                           ; SOURCE LINE # 70
0002 AB07              MOV     R3,AR7
0004 AA06              MOV     R2,AR6
0006 E4                CLR     A
0007 F9                MOV     R1,A
0008 F8                MOV     R0,A
0009 FF                MOV     R7,A
000A 7E10              MOV     R6,#010H
000C 7D0E              MOV     R5,#0EH
000E FC                MOV     R4,A
000F 120000      E     LCALL   ?C?SLDIV
0012 8F00        R     MOV     PeriodCnt+03H,R7
0014 8E00        R     MOV     PeriodCnt+02H,R6
0016 8D00        R     MOV     PeriodCnt+01H,R5
0018 8C00        R     MOV     PeriodCnt,R4
                                           ; SOURCE LINE # 71
001A AF00        R     MOV     R7,dc
001C E4                CLR     A
001D FC                MOV     R4,A
C51 COMPILER V9.60.0.0   MAIN                                                              02/04/2022 23:05:30 PAGE 7   

001E FD                MOV     R5,A
001F FE                MOV     R6,A
0020 AB00        R     MOV     R3,PeriodCnt+03H
0022 AA00        R     MOV     R2,PeriodCnt+02H
0024 A900        R     MOV     R1,PeriodCnt+01H
0026 A800        R     MOV     R0,PeriodCnt
0028 120000      E     LCALL   ?C?LMUL
002B E4                CLR     A
002C 7B64              MOV     R3,#064H
002E FA                MOV     R2,A
002F F9                MOV     R1,A
0030 F8                MOV     R0,A
0031 120000      E     LCALL   ?C?ULDIV
;---- Variable 'high' assigned to Register 'R4/R5' ----
0034 AD07              MOV     R5,AR7
0036 AC06              MOV     R4,AR6
                                           ; SOURCE LINE # 72
0038 C3                CLR     C
0039 E500        R     MOV     A,PeriodCnt+03H
003B 9D                SUBB    A,R5
003C FF                MOV     R7,A
003D E500        R     MOV     A,PeriodCnt+02H
003F 9C                SUBB    A,R4
;---- Variable 'low' assigned to Register 'R2/R3' ----
0040 AB07              MOV     R3,AR7
0042 FA                MOV     R2,A
                                           ; SOURCE LINE # 73
0043 C3                CLR     C
0044 741B              MOV     A,#01BH
0046 9D                SUBB    A,R5
0047 FD                MOV     R5,A
0048 E4                CLR     A
0049 9C                SUBB    A,R4
004A FC                MOV     R4,A
                                           ; SOURCE LINE # 74
004B C3                CLR     C
004C 741B              MOV     A,#01BH
004E 9B                SUBB    A,R3
004F FB                MOV     R3,A
0050 E4                CLR     A
0051 9A                SUBB    A,R2
                                           ; SOURCE LINE # 75
0052 8C00        R     MOV     HighRH,R4
                                           ; SOURCE LINE # 76
0054 8D00        R     MOV     HighRL,R5
                                           ; SOURCE LINE # 77
0056 F500        R     MOV     LowRH,A
                                           ; SOURCE LINE # 78
0058 8B00        R     MOV     LowRL,R3
                                           ; SOURCE LINE # 79
005A 5389F0            ANL     TMOD,#0F0H
                                           ; SOURCE LINE # 80
005D 438901            ORL     TMOD,#01H
                                           ; SOURCE LINE # 81
0060 85008C      R     MOV     TH0,HighRH
                                           ; SOURCE LINE # 82
0063 85008A      R     MOV     TL0,HighRL
                                           ; SOURCE LINE # 83
0066 D2A9              SETB    ET0
                                           ; SOURCE LINE # 84
0068 D28C              SETB    TR0
                                           ; SOURCE LINE # 85
C51 COMPILER V9.60.0.0   MAIN                                                              02/04/2022 23:05:30 PAGE 8   

006A E500        R     MOV     A,color
006C 900000      R     MOV     DPTR,#TrafficLightColor
006F 93                MOVC    A,@A+DPTR
0070 F590              MOV     P1,A
                                           ; SOURCE LINE # 86
0072 22                RET     
             ; FUNCTION _ConfigPWM (END)

             ; FUNCTION _AdjustDutyCycle (BEGIN)
                                           ; SOURCE LINE # 89
;---- Variable 'dc' assigned to Register 'R7' ----
                                           ; SOURCE LINE # 90
                                           ; SOURCE LINE # 93
0000 E4                CLR     A
0001 FC                MOV     R4,A
0002 FD                MOV     R5,A
0003 FE                MOV     R6,A
0004 AB00        R     MOV     R3,PeriodCnt+03H
0006 AA00        R     MOV     R2,PeriodCnt+02H
0008 A900        R     MOV     R1,PeriodCnt+01H
000A A800        R     MOV     R0,PeriodCnt
000C 120000      E     LCALL   ?C?LMUL
000F E4                CLR     A
0010 7B64              MOV     R3,#064H
0012 FA                MOV     R2,A
0013 F9                MOV     R1,A
0014 F8                MOV     R0,A
0015 120000      E     LCALL   ?C?ULDIV
;---- Variable 'high' assigned to Register 'R4/R5' ----
0018 AD07              MOV     R5,AR7
001A AC06              MOV     R4,AR6
                                           ; SOURCE LINE # 94
001C C3                CLR     C
001D E500        R     MOV     A,PeriodCnt+03H
001F 9D                SUBB    A,R5
0020 FF                MOV     R7,A
0021 E500        R     MOV     A,PeriodCnt+02H
0023 9C                SUBB    A,R4
;---- Variable 'low' assigned to Register 'R2/R3' ----
0024 AB07              MOV     R3,AR7
0026 FA                MOV     R2,A
                                           ; SOURCE LINE # 95
0027 C3                CLR     C
0028 741B              MOV     A,#01BH
002A 9D                SUBB    A,R5
002B FD                MOV     R5,A
002C E4                CLR     A
002D 9C                SUBB    A,R4
002E FC                MOV     R4,A
                                           ; SOURCE LINE # 96
002F C3                CLR     C
0030 741B              MOV     A,#01BH
0032 9B                SUBB    A,R3
0033 FB                MOV     R3,A
0034 E4                CLR     A
0035 9A                SUBB    A,R2
                                           ; SOURCE LINE # 97
0036 8C00        R     MOV     HighRH,R4
                                           ; SOURCE LINE # 98
0038 8D00        R     MOV     HighRL,R5
                                           ; SOURCE LINE # 99
003A F500        R     MOV     LowRH,A
C51 COMPILER V9.60.0.0   MAIN                                                              02/04/2022 23:05:30 PAGE 9   

                                           ; SOURCE LINE # 100
003C 8B00        R     MOV     LowRL,R3
                                           ; SOURCE LINE # 101
003E 22                RET     
             ; FUNCTION _AdjustDutyCycle (END)

             ; FUNCTION TrafficLight (BEGIN)
                                           ; SOURCE LINE # 104
                                           ; SOURCE LINE # 105
                                           ; SOURCE LINE # 106
0000 E500        R     MOV     A,timer
0002 702B              JNZ     ?C0008
                                           ; SOURCE LINE # 107
                                           ; SOURCE LINE # 108
0004 E500        R     MOV     A,color
0006 14                DEC     A
0007 600F              JZ      ?C0011
0009 14                DEC     A
000A 6014              JZ      ?C0012
000C 2402              ADD     A,#02H
000E 7021              JNZ     ?C0015
                                           ; SOURCE LINE # 109
                                           ; SOURCE LINE # 110
0010         ?C0010:
                                           ; SOURCE LINE # 111
0010 750001      R     MOV     color,#01H
                                           ; SOURCE LINE # 112
0013 750002      R     MOV     timer,#02H
                                           ; SOURCE LINE # 113
                                           ; SOURCE LINE # 114
0016 800E              SJMP    ?C0027
                                           ; SOURCE LINE # 115
0018         ?C0011:
                                           ; SOURCE LINE # 116
0018 750002      R     MOV     color,#02H
                                           ; SOURCE LINE # 117
001B 750009      R     MOV     timer,#09H
                                           ; SOURCE LINE # 118
001E         ?C0026:
                                           ; SOURCE LINE # 119
001E 8006              SJMP    ?C0027
                                           ; SOURCE LINE # 120
0020         ?C0012:
                                           ; SOURCE LINE # 121
0020 E4                CLR     A
0021 F500        R     MOV     color,A
                                           ; SOURCE LINE # 122
0023 750009      R     MOV     timer,#09H
                                           ; SOURCE LINE # 123
0026         ?C0027:
0026 E500        R     MOV     A,color
0028 900000      R     MOV     DPTR,#TrafficLightColor
002B 93                MOVC    A,@A+DPTR
002C F590              MOV     P1,A
                                           ; SOURCE LINE # 124
002E 22                RET     
                                           ; SOURCE LINE # 125
                                           ; SOURCE LINE # 126
                                           ; SOURCE LINE # 127
                                           ; SOURCE LINE # 128
002F         ?C0008:
                                           ; SOURCE LINE # 130
C51 COMPILER V9.60.0.0   MAIN                                                              02/04/2022 23:05:30 PAGE 10  

                                           ; SOURCE LINE # 131
002F 1500        R     DEC     timer
                                           ; SOURCE LINE # 132
                                           ; SOURCE LINE # 133
0031         ?C0015:
0031 22                RET     
             ; FUNCTION TrafficLight (END)

             ; FUNCTION InterruptTimer0 (BEGIN)
0000 C0E0              PUSH    ACC
0002 C083              PUSH    DPH
0004 C082              PUSH    DPL
0006 C0D0              PUSH    PSW
0008 75D000            MOV     PSW,#00H
000B C007              PUSH    AR7
                                           ; SOURCE LINE # 136
                                           ; SOURCE LINE # 138
000D AF90              MOV     R7,P1
000F EF                MOV     A,R7
0010 F4                CPL     A
0011 7010              JNZ     ?C0016
                                           ; SOURCE LINE # 139
                                           ; SOURCE LINE # 140
0013 85008C      R     MOV     TH0,LowRH
                                           ; SOURCE LINE # 141
0016 85008A      R     MOV     TL0,LowRL
                                           ; SOURCE LINE # 142
0019 E500        R     MOV     A,color
001B 900000      R     MOV     DPTR,#TrafficLightColor
001E 93                MOVC    A,@A+DPTR
001F F590              MOV     P1,A
                                           ; SOURCE LINE # 143
0021 8009              SJMP    ?C0018
0023         ?C0016:
                                           ; SOURCE LINE # 145
                                           ; SOURCE LINE # 146
0023 85008C      R     MOV     TH0,HighRH
                                           ; SOURCE LINE # 147
0026 85008A      R     MOV     TL0,HighRL
                                           ; SOURCE LINE # 148
0029 7590FF            MOV     P1,#0FFH
                                           ; SOURCE LINE # 149
                                           ; SOURCE LINE # 150
002C         ?C0018:
002C D007              POP     AR7
002E D0D0              POP     PSW
0030 D082              POP     DPL
0032 D083              POP     DPH
0034 D0E0              POP     ACC
0036 32                RETI    
             ; FUNCTION InterruptTimer0 (END)

             ; FUNCTION InterruptTimer1 (BEGIN)
0000 C0E0              PUSH    ACC
0002 C0F0              PUSH    B
0004 C083              PUSH    DPH
0006 C082              PUSH    DPL
0008 C0D0              PUSH    PSW
000A 75D000            MOV     PSW,#00H
000D C000              PUSH    AR0
000F C001              PUSH    AR1
0011 C002              PUSH    AR2
C51 COMPILER V9.60.0.0   MAIN                                                              02/04/2022 23:05:30 PAGE 11  

0013 C003              PUSH    AR3
0015 C004              PUSH    AR4
0017 C005              PUSH    AR5
0019 C006              PUSH    AR6
001B C007              PUSH    AR7
                                           ; SOURCE LINE # 153
                                           ; SOURCE LINE # 164
001D 85008D      R     MOV     TH1,T1RH
                                           ; SOURCE LINE # 165
0020 85008B      R     MOV     TL1,T1RL
                                           ; SOURCE LINE # 167
0023 0500        R     INC     cnt_50ms
                                           ; SOURCE LINE # 168
0025 E500        R     MOV     A,cnt_50ms
0027 6414              XRL     A,#014H
0029 7004              JNZ     ?C0019
                                           ; SOURCE LINE # 169
                                           ; SOURCE LINE # 170
002B D200        R     SETB    flag_1s
                                           ; SOURCE LINE # 171
002D F500        R     MOV     cnt_50ms,A
                                           ; SOURCE LINE # 172
002F         ?C0019:
                                           ; SOURCE LINE # 174
002F D3                SETB    C
0030 E500        R     MOV     A,timer
0032 9402              SUBB    A,#02H
0034 7480              MOV     A,#080H
0036 9480              SUBB    A,#080H
0038 5026              JNC     ?C0025
                                           ; SOURCE LINE # 175
                                           ; SOURCE LINE # 176
003A E500        R     MOV     A,idx
003C 900000      R     MOV     DPTR,#table
003F 93                MOVC    A,@A+DPTR
0040 FF                MOV     R7,A
0041 120000      R     LCALL   _AdjustDutyCycle
                                           ; SOURCE LINE # 177
0044 200011            JB      dir,?C0021
                                           ; SOURCE LINE # 178
                                           ; SOURCE LINE # 179
0047 0500        R     INC     idx
                                           ; SOURCE LINE # 180
0049 C3                CLR     C
004A E500        R     MOV     A,idx
004C 9409              SUBB    A,#09H
004E 7480              MOV     A,#080H
0050 9480              SUBB    A,#080H
0052 400C              JC      ?C0025
                                           ; SOURCE LINE # 181
                                           ; SOURCE LINE # 182
0054 D200        R     SETB    dir
                                           ; SOURCE LINE # 183
                                           ; SOURCE LINE # 184
0056 8008              SJMP    ?C0025
0058         ?C0021:
                                           ; SOURCE LINE # 186
                                           ; SOURCE LINE # 187
0058 1500        R     DEC     idx
                                           ; SOURCE LINE # 188
005A E500        R     MOV     A,idx
005C 7002              JNZ     ?C0025
C51 COMPILER V9.60.0.0   MAIN                                                              02/04/2022 23:05:30 PAGE 12  

                                           ; SOURCE LINE # 189
                                           ; SOURCE LINE # 190
005E C200        R     CLR     dir
                                           ; SOURCE LINE # 191
                                           ; SOURCE LINE # 192
                                           ; SOURCE LINE # 193
                                           ; SOURCE LINE # 194
0060         ?C0025:
0060 D007              POP     AR7
0062 D006              POP     AR6
0064 D005              POP     AR5
0066 D004              POP     AR4
0068 D003              POP     AR3
006A D002              POP     AR2
006C D001              POP     AR1
006E D000              POP     AR0
0070 D0D0              POP     PSW
0072 D082              POP     DPL
0074 D083              POP     DPH
0076 D0F0              POP     B
0078 D0E0              POP     ACC
007A 32                RETI    
             ; FUNCTION InterruptTimer1 (END)

C51 COMPILER V9.60.0.0   MAIN                                                              02/04/2022 23:05:30 PAGE 13  

NAME                                    CLASS   MSPACE  TYPE    OFFSET  SIZE
====                                    =====   ======  ====    ======  ====


P0 . . . . . . . . . . . . . . . . . .  SFR      DATA   U_CHAR   0080H  1
P1 . . . . . . . . . . . . . . . . . .  SFR      DATA   U_CHAR   0090H  1
P2 . . . . . . . . . . . . . . . . . .  SFR      DATA   U_CHAR   00A0H  1
P3 . . . . . . . . . . . . . . . . . .  SFR      DATA   U_CHAR   00B0H  1
XICON. . . . . . . . . . . . . . . . .  SFR      DATA   U_CHAR   00C0H  1
T0 . . . . . . . . . . . . . . . . . .  ABSBIT   -----  BIT      00B4H  1
AC . . . . . . . . . . . . . . . . . .  ABSBIT   -----  BIT      00D6H  1
P4 . . . . . . . . . . . . . . . . . .  SFR      DATA   U_CHAR   00E8H  1
T1 . . . . . . . . . . . . . . . . . .  ABSBIT   -----  BIT      00B5H  1
ISP_TRIG . . . . . . . . . . . . . . .  SFR      DATA   U_CHAR   00E6H  1
T2 . . . . . . . . . . . . . . . . . .  ABSBIT   -----  BIT      0090H  1
EA . . . . . . . . . . . . . . . . . .  ABSBIT   -----  BIT      00AFH  1
EC . . . . . . . . . . . . . . . . . .  ABSBIT   -----  BIT      00AEH  1
InterruptTimer0. . . . . . . . . . . .  PUBLIC   CODE   PROC     0000H  -----
InterruptTimer1. . . . . . . . . . . .  PUBLIC   CODE   PROC     0000H  -----
  idx. . . . . . . . . . . . . . . . .  STATIC   DATA   U_CHAR   0000H  1
  dir. . . . . . . . . . . . . . . . .  STATIC   DATA   BIT      0000H  1
  cnt_50ms . . . . . . . . . . . . . .  STATIC   DATA   U_CHAR   0001H  1
  table. . . . . . . . . . . . . . . .  STATIC   CODE   ARRAY    0003H  10
FE . . . . . . . . . . . . . . . . . .  ABSBIT   -----  BIT      009FH  1
_AdjustDutyCycle . . . . . . . . . . .  PUBLIC   CODE   PROC     0000H  -----
  dc . . . . . . . . . . . . . . . . .  * REG *  DATA   U_CHAR   0007H  1
  high . . . . . . . . . . . . . . . .  * REG *  DATA   U_INT    0004H  2
  low. . . . . . . . . . . . . . . . .  * REG *  DATA   U_INT    0002H  2
PeriodCnt. . . . . . . . . . . . . . .  PUBLIC   DATA   U_LONG   0002H  4
IE . . . . . . . . . . . . . . . . . .  SFR      DATA   U_CHAR   00A8H  1
_ConfigTimer1. . . . . . . . . . . . .  PUBLIC   CODE   PROC     0000H  -----
  ms . . . . . . . . . . . . . . . . .  * REG *  DATA   U_INT    0002H  2
  tmp. . . . . . . . . . . . . . . . .  AUTO     DATA   U_LONG   0000H  4
EXF2 . . . . . . . . . . . . . . . . .  ABSBIT   -----  BIT      00CEH  1
RD . . . . . . . . . . . . . . . . . .  ABSBIT   -----  BIT      00B7H  1
ES . . . . . . . . . . . . . . . . . .  ABSBIT   -----  BIT      00ACH  1
IP . . . . . . . . . . . . . . . . . .  SFR      DATA   U_CHAR   00B8H  1
RI . . . . . . . . . . . . . . . . . .  ABSBIT   -----  BIT      0098H  1
INT0 . . . . . . . . . . . . . . . . .  ABSBIT   -----  BIT      00B2H  1
CY . . . . . . . . . . . . . . . . . .  ABSBIT   -----  BIT      00D7H  1
HighRH . . . . . . . . . . . . . . . .  PUBLIC   DATA   U_CHAR   0006H  1
TI . . . . . . . . . . . . . . . . . .  ABSBIT   -----  BIT      0099H  1
INT1 . . . . . . . . . . . . . . . . .  ABSBIT   -----  BIT      00B3H  1
T1RH . . . . . . . . . . . . . . . . .  PUBLIC   DATA   U_CHAR   0007H  1
flag_1s. . . . . . . . . . . . . . . .  PUBLIC   DATA   BIT      0001H  1
HighRL . . . . . . . . . . . . . . . .  PUBLIC   DATA   U_CHAR   0008H  1
color. . . . . . . . . . . . . . . . .  PUBLIC   DATA   U_CHAR   0009H  1
RCAP2H . . . . . . . . . . . . . . . .  SFR      DATA   U_CHAR   00CBH  1
ISP_CMD. . . . . . . . . . . . . . . .  SFR      DATA   U_CHAR   00E5H  1
PS . . . . . . . . . . . . . . . . . .  ABSBIT   -----  BIT      00BCH  1
SP . . . . . . . . . . . . . . . . . .  SFR      DATA   U_CHAR   0081H  1
timer. . . . . . . . . . . . . . . . .  PUBLIC   DATA   U_CHAR   000AH  1
T1RL . . . . . . . . . . . . . . . . .  PUBLIC   DATA   U_CHAR   000BH  1
T2EX . . . . . . . . . . . . . . . . .  ABSBIT   -----  BIT      0091H  1
OV . . . . . . . . . . . . . . . . . .  ABSBIT   -----  BIT      00D2H  1
RCAP2L . . . . . . . . . . . . . . . .  SFR      DATA   U_CHAR   00CAH  1
main . . . . . . . . . . . . . . . . .  PUBLIC   CODE   PROC     0000H  -----
C_T2 . . . . . . . . . . . . . . . . .  ABSBIT   -----  BIT      00C9H  1
WR . . . . . . . . . . . . . . . . . .  ABSBIT   -----  BIT      00B6H  1
RCLK . . . . . . . . . . . . . . . . .  ABSBIT   -----  BIT      00CDH  1
TCLK . . . . . . . . . . . . . . . . .  ABSBIT   -----  BIT      00CCH  1
C51 COMPILER V9.60.0.0   MAIN                                                              02/04/2022 23:05:30 PAGE 14  

NAME                                    CLASS   MSPACE  TYPE    OFFSET  SIZE
====                                    =====   ======  ====    ======  ====


P00. . . . . . . . . . . . . . . . . .  ABSBIT   -----  BIT      0080H  1
SBUF . . . . . . . . . . . . . . . . .  SFR      DATA   U_CHAR   0099H  1
PCON . . . . . . . . . . . . . . . . .  SFR      DATA   U_CHAR   0087H  1
P10. . . . . . . . . . . . . . . . . .  ABSBIT   -----  BIT      0090H  1
P01. . . . . . . . . . . . . . . . . .  ABSBIT   -----  BIT      0081H  1
P20. . . . . . . . . . . . . . . . . .  ABSBIT   -----  BIT      00A0H  1
P11. . . . . . . . . . . . . . . . . .  ABSBIT   -----  BIT      0091H  1
P02. . . . . . . . . . . . . . . . . .  ABSBIT   -----  BIT      0082H  1
ISP_ADDRH. . . . . . . . . . . . . . .  SFR      DATA   U_CHAR   00E3H  1
P30. . . . . . . . . . . . . . . . . .  ABSBIT   -----  BIT      00B0H  1
P21. . . . . . . . . . . . . . . . . .  ABSBIT   -----  BIT      00A1H  1
P12. . . . . . . . . . . . . . . . . .  ABSBIT   -----  BIT      0092H  1
P03. . . . . . . . . . . . . . . . . .  ABSBIT   -----  BIT      0083H  1
SCON . . . . . . . . . . . . . . . . .  SFR      DATA   U_CHAR   0098H  1
P31. . . . . . . . . . . . . . . . . .  ABSBIT   -----  BIT      00B1H  1
P22. . . . . . . . . . . . . . . . . .  ABSBIT   -----  BIT      00A2H  1
P13. . . . . . . . . . . . . . . . . .  ABSBIT   -----  BIT      0093H  1
P04. . . . . . . . . . . . . . . . . .  ABSBIT   -----  BIT      0084H  1
P40. . . . . . . . . . . . . . . . . .  ABSBIT   -----  BIT      00E8H  1
TMOD . . . . . . . . . . . . . . . . .  SFR      DATA   U_CHAR   0089H  1
TCON . . . . . . . . . . . . . . . . .  SFR      DATA   U_CHAR   0088H  1
P32. . . . . . . . . . . . . . . . . .  ABSBIT   -----  BIT      00B2H  1
P23. . . . . . . . . . . . . . . . . .  ABSBIT   -----  BIT      00A3H  1
P14. . . . . . . . . . . . . . . . . .  ABSBIT   -----  BIT      0094H  1
P05. . . . . . . . . . . . . . . . . .  ABSBIT   -----  BIT      0085H  1
P41. . . . . . . . . . . . . . . . . .  ABSBIT   -----  BIT      00E9H  1
P33. . . . . . . . . . . . . . . . . .  ABSBIT   -----  BIT      00B3H  1
P24. . . . . . . . . . . . . . . . . .  ABSBIT   -----  BIT      00A4H  1
P15. . . . . . . . . . . . . . . . . .  ABSBIT   -----  BIT      0095H  1
P06. . . . . . . . . . . . . . . . . .  ABSBIT   -----  BIT      0086H  1
ISP_ADDRL. . . . . . . . . . . . . . .  SFR      DATA   U_CHAR   00E4H  1
P42. . . . . . . . . . . . . . . . . .  ABSBIT   -----  BIT      00EAH  1
P34. . . . . . . . . . . . . . . . . .  ABSBIT   -----  BIT      00B4H  1
P25. . . . . . . . . . . . . . . . . .  ABSBIT   -----  BIT      00A5H  1
P16. . . . . . . . . . . . . . . . . .  ABSBIT   -----  BIT      0096H  1
P07. . . . . . . . . . . . . . . . . .  ABSBIT   -----  BIT      0087H  1
P43. . . . . . . . . . . . . . . . . .  ABSBIT   -----  BIT      00EBH  1
P35. . . . . . . . . . . . . . . . . .  ABSBIT   -----  BIT      00B5H  1
P26. . . . . . . . . . . . . . . . . .  ABSBIT   -----  BIT      00A6H  1
P17. . . . . . . . . . . . . . . . . .  ABSBIT   -----  BIT      0097H  1
P44. . . . . . . . . . . . . . . . . .  ABSBIT   -----  BIT      00ECH  1
P36. . . . . . . . . . . . . . . . . .  ABSBIT   -----  BIT      00B6H  1
P27. . . . . . . . . . . . . . . . . .  ABSBIT   -----  BIT      00A7H  1
P45. . . . . . . . . . . . . . . . . .  ABSBIT   -----  BIT      00EDH  1
P37. . . . . . . . . . . . . . . . . .  ABSBIT   -----  BIT      00B7H  1
P46. . . . . . . . . . . . . . . . . .  ABSBIT   -----  BIT      00EEH  1
IE0. . . . . . . . . . . . . . . . . .  ABSBIT   -----  BIT      0089H  1
TrafficLight . . . . . . . . . . . . .  PUBLIC   CODE   PROC     0000H  -----
IE1. . . . . . . . . . . . . . . . . .  ABSBIT   -----  BIT      008BH  1
AUXR . . . . . . . . . . . . . . . . .  SFR      DATA   U_CHAR   008EH  1
B. . . . . . . . . . . . . . . . . . .  SFR      DATA   U_CHAR   00F0H  1
TrafficLightColor. . . . . . . . . . .  PUBLIC   CODE   ARRAY    0000H  3
CP_RL2 . . . . . . . . . . . . . . . .  ABSBIT   -----  BIT      00C8H  1
ACC. . . . . . . . . . . . . . . . . .  SFR      DATA   U_CHAR   00E0H  1
ET0. . . . . . . . . . . . . . . . . .  ABSBIT   -----  BIT      00A9H  1
ET1. . . . . . . . . . . . . . . . . .  ABSBIT   -----  BIT      00ABH  1
TF0. . . . . . . . . . . . . . . . . .  ABSBIT   -----  BIT      008DH  1
C51 COMPILER V9.60.0.0   MAIN                                                              02/04/2022 23:05:30 PAGE 15  

NAME                                    CLASS   MSPACE  TYPE    OFFSET  SIZE
====                                    =====   ======  ====    ======  ====


ET2. . . . . . . . . . . . . . . . . .  ABSBIT   -----  BIT      00ADH  1
TF1. . . . . . . . . . . . . . . . . .  ABSBIT   -----  BIT      008FH  1
TF2. . . . . . . . . . . . . . . . . .  ABSBIT   -----  BIT      00CFH  1
RB8. . . . . . . . . . . . . . . . . .  ABSBIT   -----  BIT      009AH  1
TH0. . . . . . . . . . . . . . . . . .  SFR      DATA   U_CHAR   008CH  1
EX0. . . . . . . . . . . . . . . . . .  ABSBIT   -----  BIT      00A8H  1
IT0. . . . . . . . . . . . . . . . . .  ABSBIT   -----  BIT      0088H  1
TH1. . . . . . . . . . . . . . . . . .  SFR      DATA   U_CHAR   008DH  1
LowRH. . . . . . . . . . . . . . . . .  PUBLIC   DATA   U_CHAR   000CH  1
TB8. . . . . . . . . . . . . . . . . .  ABSBIT   -----  BIT      009BH  1
EX1. . . . . . . . . . . . . . . . . .  ABSBIT   -----  BIT      00AAH  1
IT1. . . . . . . . . . . . . . . . . .  ABSBIT   -----  BIT      008AH  1
TH2. . . . . . . . . . . . . . . . . .  SFR      DATA   U_CHAR   00CDH  1
_ConfigPWM . . . . . . . . . . . . . .  PUBLIC   CODE   PROC     0000H  -----
  fr . . . . . . . . . . . . . . . . .  * REG *  DATA   U_INT    0006H  2
  dc . . . . . . . . . . . . . . . . .  AUTO     DATA   U_CHAR   0000H  1
  high . . . . . . . . . . . . . . . .  * REG *  DATA   U_INT    0004H  2
  low. . . . . . . . . . . . . . . . .  * REG *  DATA   U_INT    0002H  2
P. . . . . . . . . . . . . . . . . . .  ABSBIT   -----  BIT      00D0H  1
SM0. . . . . . . . . . . . . . . . . .  ABSBIT   -----  BIT      009FH  1
TL0. . . . . . . . . . . . . . . . . .  SFR      DATA   U_CHAR   008AH  1
SM1. . . . . . . . . . . . . . . . . .  ABSBIT   -----  BIT      009EH  1
TL1. . . . . . . . . . . . . . . . . .  SFR      DATA   U_CHAR   008BH  1
LowRL. . . . . . . . . . . . . . . . .  PUBLIC   DATA   U_CHAR   000DH  1
SM2. . . . . . . . . . . . . . . . . .  ABSBIT   -----  BIT      009DH  1
TL2. . . . . . . . . . . . . . . . . .  SFR      DATA   U_CHAR   00CCH  1
PT0. . . . . . . . . . . . . . . . . .  ABSBIT   -----  BIT      00B9H  1
PT1. . . . . . . . . . . . . . . . . .  ABSBIT   -----  BIT      00BBH  1
RS0. . . . . . . . . . . . . . . . . .  ABSBIT   -----  BIT      00D3H  1
ISP_CONTR. . . . . . . . . . . . . . .  SFR      DATA   U_CHAR   00E7H  1
PT2. . . . . . . . . . . . . . . . . .  ABSBIT   -----  BIT      00BDH  1
TR0. . . . . . . . . . . . . . . . . .  ABSBIT   -----  BIT      008CH  1
RS1. . . . . . . . . . . . . . . . . .  ABSBIT   -----  BIT      00D4H  1
TR1. . . . . . . . . . . . . . . . . .  ABSBIT   -----  BIT      008EH  1
TR2. . . . . . . . . . . . . . . . . .  ABSBIT   -----  BIT      00CAH  1
PX0. . . . . . . . . . . . . . . . . .  ABSBIT   -----  BIT      00B8H  1
WDT_CONTR. . . . . . . . . . . . . . .  SFR      DATA   U_CHAR   00E1H  1
PX1. . . . . . . . . . . . . . . . . .  ABSBIT   -----  BIT      00BAH  1
DPH. . . . . . . . . . . . . . . . . .  SFR      DATA   U_CHAR   0083H  1
DPL. . . . . . . . . . . . . . . . . .  SFR      DATA   U_CHAR   0082H  1
IPH. . . . . . . . . . . . . . . . . .  SFR      DATA   U_CHAR   00B7H  1
EXEN2. . . . . . . . . . . . . . . . .  ABSBIT   -----  BIT      00CBH  1
REN. . . . . . . . . . . . . . . . . .  ABSBIT   -----  BIT      009CH  1
T2MOD. . . . . . . . . . . . . . . . .  SFR      DATA   U_CHAR   00C9H  1
T2CON. . . . . . . . . . . . . . . . .  SFR      DATA   U_CHAR   00C8H  1
ISP_DATA . . . . . . . . . . . . . . .  SFR      DATA   U_CHAR   00E2H  1
SADEN. . . . . . . . . . . . . . . . .  SFR      DATA   U_CHAR   00B9H  1
RXD. . . . . . . . . . . . . . . . . .  ABSBIT   -----  BIT      00B0H  1
SADDR. . . . . . . . . . . . . . . . .  SFR      DATA   U_CHAR   00A9H  1
TXD. . . . . . . . . . . . . . . . . .  ABSBIT   -----  BIT      00B1H  1
AUXR1. . . . . . . . . . . . . . . . .  SFR      DATA   U_CHAR   00A2H  1
F0 . . . . . . . . . . . . . . . . . .  ABSBIT   -----  BIT      00D5H  1
PSW. . . . . . . . . . . . . . . . . .  SFR      DATA   U_CHAR   00D0H  1


MODULE INFORMATION:   STATIC OVERLAYABLE
   CODE SIZE        =    541    ----
   CONSTANT SIZE    =     13    ----
C51 COMPILER V9.60.0.0   MAIN                                                              02/04/2022 23:05:30 PAGE 16  

   XDATA SIZE       =   ----    ----
   PDATA SIZE       =   ----    ----
   DATA SIZE        =     14       5
   IDATA SIZE       =   ----    ----
   BIT SIZE         =      2    ----
   EDATA SIZE       =   ----    ----
   HDATA SIZE       =   ----    ----
   XDATA CONST SIZE =   ----    ----
   FAR CONST SIZE   =   ----    ----
END OF MODULE INFORMATION.


C51 COMPILATION COMPLETE.  0 WARNING(S),  0 ERROR(S)
