C51 COMPILER V9.60.0.0   MAIN                                                              01/14/2022 16:05:02 PAGE 1   


C51 COMPILER V9.60.0.0, COMPILATION OF MODULE MAIN
OBJECT MODULE PLACED IN .\Objects\main.obj
COMPILER INVOKED BY: C:\Keil_v5\C51\BIN\C51.EXE main.c OMF2 OPTIMIZE(8,SPEED) BROWSE DEBUG PRINT(.\Listings\main.lst) OB
                    -JECT(.\Objects\main.obj)

line level    source

   1          /*
   2           * @Descripttion: 数码管动态显示实现倒计时，并只保留有效位
   3           * @Author: 五月雨
   4           * @Date: 2022-01-13 16:36:08
   5           * @LastEditors: 五月雨
   6           * @LastEditTime: 2022-01-14 14:13:21
   7           * @Board: 清翔51开发板
   8           * @Chip: STC89C52
   9           */
  10          #include <STC89C5xRC.H>
  11          
  12          unsigned char code LedChar[] = {    //数码管显示字符转换表
  13              0x3F, 0x06, 0x5B, 0x4F, 0x66, 0x6D, 0x7D, 0x07,
  14              0x7F, 0x6F, 0x77, 0x7C, 0x39, 0x5E, 0x79, 0x71
  15          };
  16          unsigned char LedBuff[] = {          //数码管字符显示缓冲区
  17              0x00, 0x00, 0x00, 0x00, 0x00, 0x00, 0x00, 0x00
  18          };
  19          // unsigned char DigIndex[] = {
  20          //     0x7F, 0xBF, 0xDF, 0xEF, 0xF7, 0xFB, 0xFD, 0xFE
  21          //     0xFE, 0xFD, 0xFB, 0xF7, 0xEF, 0xDF, 0xBF, 0x7F
  22          // };
  23          
  24          sbit seg = P2^6;                    //数码管段选
  25          sbit dig = P2^7;                    //数码管位选
  26          unsigned char flag_1s = 0;          //定时满1s标志
  27          
  28          void TransLed(unsigned long t);
  29          void DisplayLed(unsigned char x);
  30          
  31          void main()
  32          {
  33   1          unsigned long sec = 1111;     //倒计时初值
  34   1          EA = 1;                       //使能总中断
  35   1          TMOD = 0x10;                  //选用定时器1，工作模式1
  36   1          TH1 = 0xFC;                   //中断时间为1ms
  37   1          TL1 = 0x67; 
  38   1          ET1 = 1;                      //使能T1中断
  39   1          TR1 = 1;                      //开启T1
  40   1      
  41   1          while(1)
  42   1          {
  43   2              //定时满一秒后，刷新秒数的值
  44   2              if(flag_1s == 1) 
  45   2              {
  46   3                  flag_1s = 0;
  47   3                  TransLed(sec);
  48   3                  sec--;
  49   3              }
  50   2          }
  51   1      }
  52          
  53          /* 数码管显示字符转换函数 */
  54          void TransLed(unsigned long t)
C51 COMPILER V9.60.0.0   MAIN                                                              01/14/2022 16:05:02 PAGE 2   

  55          {
  56   1          unsigned char i;
  57   1          
  58   1          //将秒数转换为对应段码
  59   1          LedBuff[7] = LedChar[t % 10];
  60   1          LedBuff[6] = LedChar[t/10 % 10];
  61   1          LedBuff[5] = LedChar[t/100 % 10];
  62   1          LedBuff[4] = LedChar[t/1000 % 10];
  63   1          LedBuff[3] = LedChar[t/10000 % 10];
  64   1          LedBuff[2] = LedChar[t/100000 % 10];
  65   1          LedBuff[1] = LedChar[t/1000000 % 10];
  66   1          LedBuff[0] = LedChar[t/10000000];
  67   1      
  68   1          //并只保留有效位
  69   1          for (i = 0; i < 7; i++)
  70   1          {
  71   2              if(LedBuff[i] == LedChar[0])
  72   2                  LedBuff[i] = 0x00;
  73   2              else
  74   2                  break;
  75   2          }
  76   1      }
  77          
  78          /* 数码管显示刷新函数 */
  79          void DisplayLed(unsigned char x)
  80          { 
  81   1          P0 = 0xFF;  //消隐
  82   1          dig = 1;
  83   1          P0 &= ~(1 << x); 
  84   1          // P0 = DigIndex[x];   
  85   1          dig = 0;
  86   1          P0 = 0x00;
  87   1          seg = 1;
  88   1          P0 = LedBuff[x];
  89   1          seg = 0;
  90   1      }
  91          
  92          /* 中断服务函数，动态扫描数码管，并刷新数码管的值 */
  93          void InterruptTimer1() interrupt 3
  94          {
  95   1          static unsigned int cnt = 0;               //记录中断溢出次数
  96   1          static unsigned char idx = 0;              //数码管动态扫描索引
  97   1          
  98   1          //重载初始值，并使中断次数加1
  99   1          TH1 = 0xFC; 
 100   1          TL1 = 0x67;
 101   1          cnt++;
 102   1          if(cnt >= 1000) //定时中断满1s
 103   1          {
 104   2              cnt = 0;
 105   2              flag_1s = 1;
 106   2          }
 107   1          
 108   1          //每毫秒扫描一位数码管，扫描完8位的时间不到10ms
 109   1          //由于人眼暂留效应可以认为是动态显示
 110   1          DisplayLed(idx);
 111   1          if(idx < 7)
 112   1              idx++;
 113   1          else
 114   1              idx = 0;
 115   1      }

C51 COMPILER V9.60.0.0   MAIN                                                              01/14/2022 16:05:02 PAGE 3   


MODULE INFORMATION:   STATIC OVERLAYABLE
   CODE SIZE        =    529    ----
   CONSTANT SIZE    =     16    ----
   XDATA SIZE       =   ----    ----
   PDATA SIZE       =   ----    ----
   DATA SIZE        =     12       8
   IDATA SIZE       =   ----    ----
   BIT SIZE         =   ----    ----
   EDATA SIZE       =   ----    ----
   HDATA SIZE       =   ----    ----
   XDATA CONST SIZE =   ----    ----
   FAR CONST SIZE   =   ----    ----
END OF MODULE INFORMATION.


C51 COMPILATION COMPLETE.  0 WARNING(S),  0 ERROR(S)
