[2022-01-21 19:56:50]	[done]
	build successfully !

[2022-01-21 21:41:11]	[done]
	build successfully !

[2022-01-21 21:42:22]	[done]
	build successfully !

[2022-01-21 21:43:11]	[done]
	build successfully !

[2022-01-21 21:44:02]	[done]
	build successfully !

[2022-01-21 21:52:49]	[done]
	build successfully !

[2022-01-21 21:56:39]	[done]
	build successfully !

[2022-01-21 22:06:12]	[done]
	build successfully !

[2022-01-21 22:09:33]	[done]
	build successfully !

[2022-01-21 22:17:19]	[done]
	build successfully !

[2022-01-21 22:18:52]	[done]
	build successfully !

[2022-01-22 09:39:11]	[done]
	build successfully !

[2022-01-22 09:41:38]	[done]
	build successfully !

[2022-01-22 09:42:08]	[done]
	build successfully !

[2022-01-22 10:33:53]	[done]
	build successfully !

[2022-01-22 10:55:08]	link failed !, exit code: 2
  at unify_builder.Program.Main (System.String[] args) [0x019f5] in <bd848165df964d26b51d3d1ad263c7b0>:0 
---
LX51 LINKER/LOCATER V4.66.97.0 - SN: K1DZC-YRXDFC
COPYRIGHT ARM Germany GmbH 1995 - 2019
"@d:\keilc51_workspace\51_project_code\STC89C52\key_matrix_calculator\build\Target 1\key_matrix_calculator.lnp" 
".\build\Target 1\main.o",".\build\Target 1\STARTUP.o",c:\Keil_v5\C51\LIB\C51S.LIB TO ".\build\Target 1\key_matrix_calculator"
PRINT(".\build\Target 1\key_matrix_calculator.map") REMOVEUNUSED
*** ERROR L127: UNRESOLVED EXTERNAL SYMBOL
    SYMBOL:  operation
    MODULE:  .\build\Target 1\main.o (MAIN)
*** ERROR L128: REFERENCE MADE TO UNRESOLVED EXTERNAL
    SYMBOL:  operation
    MODULE:  .\build\Target 1\main.o (MAIN)
    ADDRESS: 1000195H
*** ERROR L128: REFERENCE MADE TO UNRESOLVED EXTERNAL
    SYMBOL:  operation
    MODULE:  .\build\Target 1\main.o (MAIN)
    ADDRESS: 10001B0H
*** ERROR L128: REFERENCE MADE TO UNRESOLVED EXTERNAL
    SYMBOL:  operation
    MODULE:  .\build\Target 1\main.o (MAIN)
    ADDRESS: 10001CBH
*** ERROR L128: REFERENCE MADE TO UNRESOLVED EXTERNAL
    SYMBOL:  operation
    MODULE:  .\build\Target 1\main.o (MAIN)
    ADDRESS: 10001E6H
*** ERROR L128: REFERENCE MADE TO UNRESOLVED EXTERNAL
    SYMBOL:  operation
    MODULE:  .\build\Target 1\main.o (MAIN)
    ADDRESS: 10001F6H
Program Size: data=93.5 xdata=0 const=40 code=1437
LX51 RUN COMPLETE.  0 WARNING(S),  6 ERROR(S)


[2022-01-22 10:55:49]	compilation failed at : "d:\keilc51_workspace\51_project_code\STC89C52\key_matrix_calculator\main.c", exit code: 2
  at unify_builder.Program.Main (System.String[] args) [0x01851] in <bd848165df964d26b51d3d1ad263c7b0>:0 
---
C51 COMPILER V9.60.0.0 - SN: K1DZC-YRXDFC
COPYRIGHT Copyright (C) 2012 - 2019 ARM Ltd and ARM Germany GmbH. All rights reserved.
*** ERROR C202 IN LINE 100 OF .\MAIN.C: 'result': undefined identifier
*** ERROR C202 IN LINE 105 OF .\MAIN.C: 'result': undefined identifier
*** ERROR C202 IN LINE 110 OF .\MAIN.C: 'result': undefined identifier
*** ERROR C202 IN LINE 115 OF .\MAIN.C: 'result': undefined identifier
*** ERROR C202 IN LINE 118 OF .\MAIN.C: 'op': undefined identifier
C51 COMPILATION COMPLETE.  0 WARNING(S),  5 ERROR(S)

[2022-01-22 10:57:40]	[done]
	build successfully !

[2022-01-22 10:58:49]	[done]
	build successfully !

[2022-01-22 11:04:34]	[done]
	build successfully !

[2022-01-22 11:05:26]	[done]
	build successfully !

[2022-01-22 11:06:07]	[done]
	build successfully !

[2022-01-22 11:06:30]	[done]
	build successfully !

[2022-01-22 14:44:10]	[done]
	build successfully !

[2022-01-22 14:44:53]	[done]
	build successfully !

[2022-01-22 14:45:19]	[done]
	build successfully !

[2022-01-22 14:47:07]	[done]
	build successfully !

[2022-01-22 14:47:52]	[done]
	build successfully !

[2022-01-22 14:48:34]	compilation failed at : "d:\keilc51_workspace\51_project_code\STC89C52\key_matrix_calculator\main.c", exit code: 2
  at unify_builder.Program.Main (System.String[] args) [0x01851] in <bd848165df964d26b51d3d1ad263c7b0>:0 
---
C51 COMPILER V9.60.0.0 - SN: K1DZC-YRXDFC
COPYRIGHT Copyright (C) 2012 - 2019 ARM Ltd and ARM Germany GmbH. All rights reserved.
*** ERROR C236 IN LINE 99 OF .\MAIN.C: '_DoCalculate': different length of parameter lists
C51 COMPILATION COMPLETE.  0 WARNING(S),  1 ERROR(S)

[2022-01-22 14:48:52]	compilation failed at : "d:\keilc51_workspace\51_project_code\STC89C52\key_matrix_calculator\main.c", exit code: 2
  at unify_builder.Program.Main (System.String[] args) [0x01851] in <bd848165df964d26b51d3d1ad263c7b0>:0 
---
C51 COMPILER V9.60.0.0 - SN: K1DZC-YRXDFC
COPYRIGHT Copyright (C) 2012 - 2019 ARM Ltd and ARM Germany GmbH. All rights reserved.
*** ERROR C236 IN LINE 99 OF .\MAIN.C: '_DoCalculate': different length of parameter lists
C51 COMPILATION COMPLETE.  0 WARNING(S),  1 ERROR(S)

[2022-01-22 14:49:02]	compilation failed at : "d:\keilc51_workspace\51_project_code\STC89C52\key_matrix_calculator\main.c", exit code: 2
  at unify_builder.Program.Main (System.String[] args) [0x01851] in <bd848165df964d26b51d3d1ad263c7b0>:0 
---
C51 COMPILER V9.60.0.0 - SN: K1DZC-YRXDFC
COPYRIGHT Copyright (C) 2012 - 2019 ARM Ltd and ARM Germany GmbH. All rights reserved.
*** ERROR C236 IN LINE 99 OF .\MAIN.C: '_DoCalculate': different length of parameter lists
C51 COMPILATION COMPLETE.  0 WARNING(S),  1 ERROR(S)

[2022-01-22 14:49:11]	[done]
	build successfully !

[2022-01-22 14:50:24]	[done]
	build successfully !

[2022-01-22 14:53:37]	[done]
	build successfully !

[2022-01-22 15:07:00]	[done]
	build successfully !

[2022-01-22 15:10:39]	[done]
	build successfully !

[2022-01-22 15:15:58]	link failed !, exit code: 2
  at unify_builder.Program.Main (System.String[] args) [0x019f5] in <bd848165df964d26b51d3d1ad263c7b0>:0 
---
LX51 LINKER/LOCATER V4.66.97.0 - SN: K1DZC-YRXDFC
COPYRIGHT ARM Germany GmbH 1995 - 2019
"@d:\keilc51_workspace\51_project_code\STC89C52\key_matrix_calculator\build\Target 1\key_matrix_calculator.lnp" 
".\build\Target 1\main.o",".\build\Target 1\STARTUP.o",c:\Keil_v5\C51\LIB\C51S.LIB TO ".\build\Target 1\key_matrix_calculator"
PRINT(".\build\Target 1\key_matrix_calculator.map") REMOVEUNUSED
*** ERROR L127: UNRESOLVED EXTERNAL SYMBOL
    SYMBOL:  KeyDriver
    MODULE:  .\build\Target 1\main.o (MAIN)
*** ERROR L128: REFERENCE MADE TO UNRESOLVED EXTERNAL
    SYMBOL:  KeyDriver
    MODULE:  .\build\Target 1\main.o (MAIN)
    ADDRESS: 100036DH
Program Size: data=61.5 xdata=0 const=40 code=873
LX51 RUN COMPLETE.  0 WARNING(S),  2 ERROR(S)


[2022-01-22 15:16:06]	[done]
	build successfully !

[2022-01-30 17:42:29]	[done]
	build successfully !

[2022-01-30 17:42:58]	[done]
	build successfully !

[2022-01-30 17:43:40]	[done]
	build successfully !

