C51 COMPILER V9.60.0.0   MAIN                                                              01/29/2022 20:20:37 PAGE 1   


C51 COMPILER V9.60.0.0, COMPILATION OF MODULE MAIN
OBJECT MODULE PLACED IN .\build\Target 1\main.o
COMPILER INVOKED BY: C:\Keil_v5\C51\BIN\C51.exe .\MAIN.C PRINT(.\build\Target 1\main.lst) OMF2 TABS(4) CODE NOCOND SYMBO
                    -LS OPTIMIZE(8,SPEED) SMALL ROM(LARGE) INCDIR(C:\Keil_v5\C51\INC\STC;C:\Keil_v5\C51\INC) DEFINE(__UVISION_VERSION=526) OB
                    -JECT(.\build\Target 1\main.o)

line level    source

   1          /*
   2           * @Descripttion: 
   3           * @Author: 五月雨
   4           * @Date: 2022-01-29 11:51:41
   5           * @LastEditors: 五月雨
   6           * @LastEditTime: 2022-01-29 12:06:21
   7           * @Board: 
   8           * @Chip: 
   9           */
  10          #include <STC89C5xRC.H>
  11          
  12          sbit KEY1 = P3^0;    //位定义可以简写，头文件有
  13          sbit KEY2 = P3^1;
  14          sbit KEY3 = P3^2;
  15          sbit KEY4 = P3^3;
  16          
  17          unsigned char code LedChar[] = {        //数码管显示字符转换表
  18              0x3F, 0x06, 0x5B, 0x4F, 0x66, 0x6D, 0x7D, 0x07, 
  19              0x7F, 0x6F, 0x77, 0x7C, 0x39, 0x5E, 0x79, 0x71
  20          };
  21          unsigned char LedBuf[] = {              //数码管显示缓冲区
  22              0x00, 0x00, 0x00, 0x00, 0x00, 0x00, 0x00, 0x00
  23          };
  24          
  25          void main()
  26          {
  27   1          EA = 1;
  28   1          ConfigTimr0(2);
*** WARNING C206 IN LINE 28 OF .\MAIN.C: 'ConfigTimr0': missing function-prototype
*** ERROR C267 IN LINE 28 OF .\MAIN.C: 'ConfigTimr0': requires ANSI-style prototype
  29   1      
  30   1          while(1)
  31   1          {
  32   2              if(StopwatchRefresh)
*** ERROR C202 IN LINE 32 OF .\MAIN.C: 'StopwatchRefresh': undefined identifier
  33   2              {
  34   3                  
  35   3              }
  36   2          }
  37   1      }

C51 COMPILATION COMPLETE.  1 WARNING(S),  2 ERROR(S)
